Performing C SOURCE FILE Test OpenMP_FLAG_DETECTED failed with the following output:
Change Dir: /Users/eugenioculurciello/Code/Lua/luasdl/CMakeFiles/CMakeTmp

Run Build Command:/usr/bin/gmake "cmTryCompileExec226843267/fast"
/usr/bin/gmake -f CMakeFiles/cmTryCompileExec226843267.dir/build.make CMakeFiles/cmTryCompileExec226843267.dir/build
/usr/local/Cellar/cmake/2.8.12/bin/cmake -E cmake_progress_report /Users/eugenioculurciello/Code/Lua/luasdl/CMakeFiles/CMakeTmp/CMakeFiles 1
Building C object CMakeFiles/cmTryCompileExec226843267.dir/src.c.o
/usr/bin/cc   -fexceptions  -Wall -Wno-unused-function -Wno-unknown-pragmas -DOpenMP_FLAG_DETECTED -fopenmp   -o CMakeFiles/cmTryCompileExec226843267.dir/src.c.o   -c /Users/eugenioculurciello/Code/Lua/luasdl/CMakeFiles/CMakeTmp/src.c
clang: warning: argument unused during compilation: '-fopenmp'
/Users/eugenioculurciello/Code/Lua/luasdl/CMakeFiles/CMakeTmp/src.c:2:10: fatal error: 'omp.h' file not found
#include <omp.h>
         ^
1 error generated.
gmake[1]: *** [CMakeFiles/cmTryCompileExec226843267.dir/src.c.o] Error 1
gmake: *** [cmTryCompileExec226843267/fast] Error 2

Source file was:

#include <omp.h>
int main() {
#ifdef _OPENMP
  return 0;
#else
  breaks_on_purpose
#endif
}

Performing C SOURCE FILE Test OpenMP_FLAG_DETECTED failed with the following output:
Change Dir: /Users/eugenioculurciello/Code/Lua/luasdl/CMakeFiles/CMakeTmp

Run Build Command:/usr/bin/gmake "cmTryCompileExec3859402432/fast"
/usr/bin/gmake -f CMakeFiles/cmTryCompileExec3859402432.dir/build.make CMakeFiles/cmTryCompileExec3859402432.dir/build
/usr/local/Cellar/cmake/2.8.12/bin/cmake -E cmake_progress_report /Users/eugenioculurciello/Code/Lua/luasdl/CMakeFiles/CMakeTmp/CMakeFiles 1
Building C object CMakeFiles/cmTryCompileExec3859402432.dir/src.c.o
/usr/bin/cc   -fexceptions  -Wall -Wno-unused-function -Wno-unknown-pragmas -DOpenMP_FLAG_DETECTED /openmp   -o CMakeFiles/cmTryCompileExec3859402432.dir/src.c.o   -c /Users/eugenioculurciello/Code/Lua/luasdl/CMakeFiles/CMakeTmp/src.c
clang: error: no such file or directory: '/openmp'
gmake[1]: *** [CMakeFiles/cmTryCompileExec3859402432.dir/src.c.o] Error 1
gmake: *** [cmTryCompileExec3859402432/fast] Error 2

Source file was:

#include <omp.h>
int main() {
#ifdef _OPENMP
  return 0;
#else
  breaks_on_purpose
#endif
}

Performing C SOURCE FILE Test OpenMP_FLAG_DETECTED failed with the following output:
Change Dir: /Users/eugenioculurciello/Code/Lua/luasdl/CMakeFiles/CMakeTmp

Run Build Command:/usr/bin/gmake "cmTryCompileExec3054868762/fast"
/usr/bin/gmake -f CMakeFiles/cmTryCompileExec3054868762.dir/build.make CMakeFiles/cmTryCompileExec3054868762.dir/build
/usr/local/Cellar/cmake/2.8.12/bin/cmake -E cmake_progress_report /Users/eugenioculurciello/Code/Lua/luasdl/CMakeFiles/CMakeTmp/CMakeFiles 1
Building C object CMakeFiles/cmTryCompileExec3054868762.dir/src.c.o
/usr/bin/cc   -fexceptions  -Wall -Wno-unused-function -Wno-unknown-pragmas -DOpenMP_FLAG_DETECTED -Qopenmp   -o CMakeFiles/cmTryCompileExec3054868762.dir/src.c.o   -c /Users/eugenioculurciello/Code/Lua/luasdl/CMakeFiles/CMakeTmp/src.c
clang: warning: argument unused during compilation: '-Qopenmp'
/Users/eugenioculurciello/Code/Lua/luasdl/CMakeFiles/CMakeTmp/src.c:2:10: fatal error: 'omp.h' file not found
#include <omp.h>
         ^
1 error generated.
gmake[1]: *** [CMakeFiles/cmTryCompileExec3054868762.dir/src.c.o] Error 1
gmake: *** [cmTryCompileExec3054868762/fast] Error 2

Source file was:

#include <omp.h>
int main() {
#ifdef _OPENMP
  return 0;
#else
  breaks_on_purpose
#endif
}

Performing C SOURCE FILE Test OpenMP_FLAG_DETECTED failed with the following output:
Change Dir: /Users/eugenioculurciello/Code/Lua/luasdl/CMakeFiles/CMakeTmp

Run Build Command:/usr/bin/gmake "cmTryCompileExec351812074/fast"
/usr/bin/gmake -f CMakeFiles/cmTryCompileExec351812074.dir/build.make CMakeFiles/cmTryCompileExec351812074.dir/build
/usr/local/Cellar/cmake/2.8.12/bin/cmake -E cmake_progress_report /Users/eugenioculurciello/Code/Lua/luasdl/CMakeFiles/CMakeTmp/CMakeFiles 1
Building C object CMakeFiles/cmTryCompileExec351812074.dir/src.c.o
/usr/bin/cc   -fexceptions  -Wall -Wno-unused-function -Wno-unknown-pragmas -DOpenMP_FLAG_DETECTED -openmp   -o CMakeFiles/cmTryCompileExec351812074.dir/src.c.o   -c /Users/eugenioculurciello/Code/Lua/luasdl/CMakeFiles/CMakeTmp/src.c
/Users/eugenioculurciello/Code/Lua/luasdl/CMakeFiles/CMakeTmp/src.c:2:10: fatal error: 'omp.h' file not found
#include <omp.h>
         ^
1 error generated.
gmake[1]: *** [CMakeFiles/cmTryCompileExec351812074.dir/src.c.o] Error 1
gmake: *** [cmTryCompileExec351812074/fast] Error 2

Source file was:

#include <omp.h>
int main() {
#ifdef _OPENMP
  return 0;
#else
  breaks_on_purpose
#endif
}

Performing C SOURCE FILE Test OpenMP_FLAG_DETECTED failed with the following output:
Change Dir: /Users/eugenioculurciello/Code/Lua/luasdl/CMakeFiles/CMakeTmp

Run Build Command:/usr/bin/gmake "cmTryCompileExec844433615/fast"
/usr/bin/gmake -f CMakeFiles/cmTryCompileExec844433615.dir/build.make CMakeFiles/cmTryCompileExec844433615.dir/build
/usr/local/Cellar/cmake/2.8.12/bin/cmake -E cmake_progress_report /Users/eugenioculurciello/Code/Lua/luasdl/CMakeFiles/CMakeTmp/CMakeFiles 1
Building C object CMakeFiles/cmTryCompileExec844433615.dir/src.c.o
/usr/bin/cc   -fexceptions  -Wall -Wno-unused-function -Wno-unknown-pragmas -DOpenMP_FLAG_DETECTED   -o CMakeFiles/cmTryCompileExec844433615.dir/src.c.o   -c /Users/eugenioculurciello/Code/Lua/luasdl/CMakeFiles/CMakeTmp/src.c
/Users/eugenioculurciello/Code/Lua/luasdl/CMakeFiles/CMakeTmp/src.c:2:10: fatal error: 'omp.h' file not found
#include <omp.h>
         ^
1 error generated.
gmake[1]: *** [CMakeFiles/cmTryCompileExec844433615.dir/src.c.o] Error 1
gmake: *** [cmTryCompileExec844433615/fast] Error 2

Source file was:

#include <omp.h>
int main() {
#ifdef _OPENMP
  return 0;
#else
  breaks_on_purpose
#endif
}

Performing C SOURCE FILE Test OpenMP_FLAG_DETECTED failed with the following output:
Change Dir: /Users/eugenioculurciello/Code/Lua/luasdl/CMakeFiles/CMakeTmp

Run Build Command:/usr/bin/gmake "cmTryCompileExec2849808491/fast"
/usr/bin/gmake -f CMakeFiles/cmTryCompileExec2849808491.dir/build.make CMakeFiles/cmTryCompileExec2849808491.dir/build
/usr/local/Cellar/cmake/2.8.12/bin/cmake -E cmake_progress_report /Users/eugenioculurciello/Code/Lua/luasdl/CMakeFiles/CMakeTmp/CMakeFiles 1
Building C object CMakeFiles/cmTryCompileExec2849808491.dir/src.c.o
/usr/bin/cc   -fexceptions  -Wall -Wno-unused-function -Wno-unknown-pragmas -DOpenMP_FLAG_DETECTED -xopenmp   -o CMakeFiles/cmTryCompileExec2849808491.dir/src.c.o   -c /Users/eugenioculurciello/Code/Lua/luasdl/CMakeFiles/CMakeTmp/src.c
clang: error: language not recognized: 'openmp'
clang: warning: /Users/eugenioculurciello/Code/Lua/luasdl/CMakeFiles/CMakeTmp/src.c: 'linker' input unused
gmake[1]: *** [CMakeFiles/cmTryCompileExec2849808491.dir/src.c.o] Error 1
gmake: *** [cmTryCompileExec2849808491/fast] Error 2

Source file was:

#include <omp.h>
int main() {
#ifdef _OPENMP
  return 0;
#else
  breaks_on_purpose
#endif
}

Performing C SOURCE FILE Test OpenMP_FLAG_DETECTED failed with the following output:
Change Dir: /Users/eugenioculurciello/Code/Lua/luasdl/CMakeFiles/CMakeTmp

Run Build Command:/usr/bin/gmake "cmTryCompileExec4067269957/fast"
/usr/bin/gmake -f CMakeFiles/cmTryCompileExec4067269957.dir/build.make CMakeFiles/cmTryCompileExec4067269957.dir/build
/usr/local/Cellar/cmake/2.8.12/bin/cmake -E cmake_progress_report /Users/eugenioculurciello/Code/Lua/luasdl/CMakeFiles/CMakeTmp/CMakeFiles 1
Building C object CMakeFiles/cmTryCompileExec4067269957.dir/src.c.o
/usr/bin/cc   -fexceptions  -Wall -Wno-unused-function -Wno-unknown-pragmas -DOpenMP_FLAG_DETECTED +Oopenmp   -o CMakeFiles/cmTryCompileExec4067269957.dir/src.c.o   -c /Users/eugenioculurciello/Code/Lua/luasdl/CMakeFiles/CMakeTmp/src.c
clang: error: no such file or directory: '+Oopenmp'
gmake[1]: *** [CMakeFiles/cmTryCompileExec4067269957.dir/src.c.o] Error 1
gmake: *** [cmTryCompileExec4067269957/fast] Error 2

Source file was:

#include <omp.h>
int main() {
#ifdef _OPENMP
  return 0;
#else
  breaks_on_purpose
#endif
}

Performing C SOURCE FILE Test OpenMP_FLAG_DETECTED failed with the following output:
Change Dir: /Users/eugenioculurciello/Code/Lua/luasdl/CMakeFiles/CMakeTmp

Run Build Command:/usr/bin/gmake "cmTryCompileExec2837701559/fast"
/usr/bin/gmake -f CMakeFiles/cmTryCompileExec2837701559.dir/build.make CMakeFiles/cmTryCompileExec2837701559.dir/build
/usr/local/Cellar/cmake/2.8.12/bin/cmake -E cmake_progress_report /Users/eugenioculurciello/Code/Lua/luasdl/CMakeFiles/CMakeTmp/CMakeFiles 1
Building C object CMakeFiles/cmTryCompileExec2837701559.dir/src.c.o
/usr/bin/cc   -fexceptions  -Wall -Wno-unused-function -Wno-unknown-pragmas -DOpenMP_FLAG_DETECTED -qsmp   -o CMakeFiles/cmTryCompileExec2837701559.dir/src.c.o   -c /Users/eugenioculurciello/Code/Lua/luasdl/CMakeFiles/CMakeTmp/src.c
clang: warning: argument unused during compilation: '-qsmp'
/Users/eugenioculurciello/Code/Lua/luasdl/CMakeFiles/CMakeTmp/src.c:2:10: fatal error: 'omp.h' file not found
#include <omp.h>
         ^
1 error generated.
gmake[1]: *** [CMakeFiles/cmTryCompileExec2837701559.dir/src.c.o] Error 1
gmake: *** [cmTryCompileExec2837701559/fast] Error 2

Source file was:

#include <omp.h>
int main() {
#ifdef _OPENMP
  return 0;
#else
  breaks_on_purpose
#endif
}

Performing C SOURCE FILE Test OpenMP_FLAG_DETECTED failed with the following output:
Change Dir: /Users/eugenioculurciello/Code/Lua/luasdl/CMakeFiles/CMakeTmp

Run Build Command:/usr/bin/gmake "cmTryCompileExec1326955461/fast"
/usr/bin/gmake -f CMakeFiles/cmTryCompileExec1326955461.dir/build.make CMakeFiles/cmTryCompileExec1326955461.dir/build
/usr/local/Cellar/cmake/2.8.12/bin/cmake -E cmake_progress_report /Users/eugenioculurciello/Code/Lua/luasdl/CMakeFiles/CMakeTmp/CMakeFiles 1
Building C object CMakeFiles/cmTryCompileExec1326955461.dir/src.c.o
/usr/bin/cc   -fexceptions  -Wall -Wno-unused-function -Wno-unknown-pragmas -DOpenMP_FLAG_DETECTED -mp   -o CMakeFiles/cmTryCompileExec1326955461.dir/src.c.o   -c /Users/eugenioculurciello/Code/Lua/luasdl/CMakeFiles/CMakeTmp/src.c
clang: warning: argument unused during compilation: '-mp'
/Users/eugenioculurciello/Code/Lua/luasdl/CMakeFiles/CMakeTmp/src.c:2:10: fatal error: 'omp.h' file not found
#include <omp.h>
         ^
1 error generated.
gmake[1]: *** [CMakeFiles/cmTryCompileExec1326955461.dir/src.c.o] Error 1
gmake: *** [cmTryCompileExec1326955461/fast] Error 2

Source file was:

#include <omp.h>
int main() {
#ifdef _OPENMP
  return 0;
#else
  breaks_on_purpose
#endif
}

Performing C++ SOURCE FILE Test OpenMP_FLAG_DETECTED failed with the following output:
Change Dir: /Users/eugenioculurciello/Code/Lua/luasdl/CMakeFiles/CMakeTmp

Run Build Command:/usr/bin/gmake "cmTryCompileExec4258557597/fast"
/usr/bin/gmake -f CMakeFiles/cmTryCompileExec4258557597.dir/build.make CMakeFiles/cmTryCompileExec4258557597.dir/build
/usr/local/Cellar/cmake/2.8.12/bin/cmake -E cmake_progress_report /Users/eugenioculurciello/Code/Lua/luasdl/CMakeFiles/CMakeTmp/CMakeFiles 1
Building CXX object CMakeFiles/cmTryCompileExec4258557597.dir/src.cxx.o
/usr/bin/c++    -fexceptions  -Wall -Wno-unused-function -Wno-unknown-pragmas -Wno-unused-function -DOpenMP_FLAG_DETECTED -fopenmp   -o CMakeFiles/cmTryCompileExec4258557597.dir/src.cxx.o -c /Users/eugenioculurciello/Code/Lua/luasdl/CMakeFiles/CMakeTmp/src.cxx
clang: warning: argument unused during compilation: '-fopenmp'
/Users/eugenioculurciello/Code/Lua/luasdl/CMakeFiles/CMakeTmp/src.cxx:2:10: fatal error: 'omp.h' file not found
#include <omp.h>
         ^
1 error generated.
gmake[1]: *** [CMakeFiles/cmTryCompileExec4258557597.dir/src.cxx.o] Error 1
gmake: *** [cmTryCompileExec4258557597/fast] Error 2

Source file was:

#include <omp.h>
int main() {
#ifdef _OPENMP
  return 0;
#else
  breaks_on_purpose
#endif
}

Performing C++ SOURCE FILE Test OpenMP_FLAG_DETECTED failed with the following output:
Change Dir: /Users/eugenioculurciello/Code/Lua/luasdl/CMakeFiles/CMakeTmp

Run Build Command:/usr/bin/gmake "cmTryCompileExec1652109679/fast"
/usr/bin/gmake -f CMakeFiles/cmTryCompileExec1652109679.dir/build.make CMakeFiles/cmTryCompileExec1652109679.dir/build
/usr/local/Cellar/cmake/2.8.12/bin/cmake -E cmake_progress_report /Users/eugenioculurciello/Code/Lua/luasdl/CMakeFiles/CMakeTmp/CMakeFiles 1
Building CXX object CMakeFiles/cmTryCompileExec1652109679.dir/src.cxx.o
/usr/bin/c++    -fexceptions  -Wall -Wno-unused-function -Wno-unknown-pragmas -Wno-unused-function -DOpenMP_FLAG_DETECTED /openmp   -o CMakeFiles/cmTryCompileExec1652109679.dir/src.cxx.o -c /Users/eugenioculurciello/Code/Lua/luasdl/CMakeFiles/CMakeTmp/src.cxx
clang: error: no such file or directory: '/openmp'
gmake[1]: *** [CMakeFiles/cmTryCompileExec1652109679.dir/src.cxx.o] Error 1
gmake: *** [cmTryCompileExec1652109679/fast] Error 2

Source file was:

#include <omp.h>
int main() {
#ifdef _OPENMP
  return 0;
#else
  breaks_on_purpose
#endif
}

Performing C++ SOURCE FILE Test OpenMP_FLAG_DETECTED failed with the following output:
Change Dir: /Users/eugenioculurciello/Code/Lua/luasdl/CMakeFiles/CMakeTmp

Run Build Command:/usr/bin/gmake "cmTryCompileExec3360034410/fast"
/usr/bin/gmake -f CMakeFiles/cmTryCompileExec3360034410.dir/build.make CMakeFiles/cmTryCompileExec3360034410.dir/build
/usr/local/Cellar/cmake/2.8.12/bin/cmake -E cmake_progress_report /Users/eugenioculurciello/Code/Lua/luasdl/CMakeFiles/CMakeTmp/CMakeFiles 1
Building CXX object CMakeFiles/cmTryCompileExec3360034410.dir/src.cxx.o
/usr/bin/c++    -fexceptions  -Wall -Wno-unused-function -Wno-unknown-pragmas -Wno-unused-function -DOpenMP_FLAG_DETECTED -Qopenmp   -o CMakeFiles/cmTryCompileExec3360034410.dir/src.cxx.o -c /Users/eugenioculurciello/Code/Lua/luasdl/CMakeFiles/CMakeTmp/src.cxx
clang: warning: argument unused during compilation: '-Qopenmp'
/Users/eugenioculurciello/Code/Lua/luasdl/CMakeFiles/CMakeTmp/src.cxx:2:10: fatal error: 'omp.h' file not found
#include <omp.h>
         ^
1 error generated.
gmake[1]: *** [CMakeFiles/cmTryCompileExec3360034410.dir/src.cxx.o] Error 1
gmake: *** [cmTryCompileExec3360034410/fast] Error 2

Source file was:

#include <omp.h>
int main() {
#ifdef _OPENMP
  return 0;
#else
  breaks_on_purpose
#endif
}

Performing C++ SOURCE FILE Test OpenMP_FLAG_DETECTED failed with the following output:
Change Dir: /Users/eugenioculurciello/Code/Lua/luasdl/CMakeFiles/CMakeTmp

Run Build Command:/usr/bin/gmake "cmTryCompileExec2608002970/fast"
/usr/bin/gmake -f CMakeFiles/cmTryCompileExec2608002970.dir/build.make CMakeFiles/cmTryCompileExec2608002970.dir/build
/usr/local/Cellar/cmake/2.8.12/bin/cmake -E cmake_progress_report /Users/eugenioculurciello/Code/Lua/luasdl/CMakeFiles/CMakeTmp/CMakeFiles 1
Building CXX object CMakeFiles/cmTryCompileExec2608002970.dir/src.cxx.o
/usr/bin/c++    -fexceptions  -Wall -Wno-unused-function -Wno-unknown-pragmas -Wno-unused-function -DOpenMP_FLAG_DETECTED -openmp   -o CMakeFiles/cmTryCompileExec2608002970.dir/src.cxx.o -c /Users/eugenioculurciello/Code/Lua/luasdl/CMakeFiles/CMakeTmp/src.cxx
/Users/eugenioculurciello/Code/Lua/luasdl/CMakeFiles/CMakeTmp/src.cxx:2:10: fatal error: 'omp.h' file not found
#include <omp.h>
         ^
1 error generated.
gmake[1]: *** [CMakeFiles/cmTryCompileExec2608002970.dir/src.cxx.o] Error 1
gmake: *** [cmTryCompileExec2608002970/fast] Error 2

Source file was:

#include <omp.h>
int main() {
#ifdef _OPENMP
  return 0;
#else
  breaks_on_purpose
#endif
}

Performing C++ SOURCE FILE Test OpenMP_FLAG_DETECTED failed with the following output:
Change Dir: /Users/eugenioculurciello/Code/Lua/luasdl/CMakeFiles/CMakeTmp

Run Build Command:/usr/bin/gmake "cmTryCompileExec3154309834/fast"
/usr/bin/gmake -f CMakeFiles/cmTryCompileExec3154309834.dir/build.make CMakeFiles/cmTryCompileExec3154309834.dir/build
/usr/local/Cellar/cmake/2.8.12/bin/cmake -E cmake_progress_report /Users/eugenioculurciello/Code/Lua/luasdl/CMakeFiles/CMakeTmp/CMakeFiles 1
Building CXX object CMakeFiles/cmTryCompileExec3154309834.dir/src.cxx.o
/usr/bin/c++    -fexceptions  -Wall -Wno-unused-function -Wno-unknown-pragmas -Wno-unused-function -DOpenMP_FLAG_DETECTED   -o CMakeFiles/cmTryCompileExec3154309834.dir/src.cxx.o -c /Users/eugenioculurciello/Code/Lua/luasdl/CMakeFiles/CMakeTmp/src.cxx
/Users/eugenioculurciello/Code/Lua/luasdl/CMakeFiles/CMakeTmp/src.cxx:2:10: fatal error: 'omp.h' file not found
#include <omp.h>
         ^
1 error generated.
gmake[1]: *** [CMakeFiles/cmTryCompileExec3154309834.dir/src.cxx.o] Error 1
gmake: *** [cmTryCompileExec3154309834/fast] Error 2

Source file was:

#include <omp.h>
int main() {
#ifdef _OPENMP
  return 0;
#else
  breaks_on_purpose
#endif
}

Performing C++ SOURCE FILE Test OpenMP_FLAG_DETECTED failed with the following output:
Change Dir: /Users/eugenioculurciello/Code/Lua/luasdl/CMakeFiles/CMakeTmp

Run Build Command:/usr/bin/gmake "cmTryCompileExec3480376068/fast"
/usr/bin/gmake -f CMakeFiles/cmTryCompileExec3480376068.dir/build.make CMakeFiles/cmTryCompileExec3480376068.dir/build
/usr/local/Cellar/cmake/2.8.12/bin/cmake -E cmake_progress_report /Users/eugenioculurciello/Code/Lua/luasdl/CMakeFiles/CMakeTmp/CMakeFiles 1
Building CXX object CMakeFiles/cmTryCompileExec3480376068.dir/src.cxx.o
/usr/bin/c++    -fexceptions  -Wall -Wno-unused-function -Wno-unknown-pragmas -Wno-unused-function -DOpenMP_FLAG_DETECTED -xopenmp   -o CMakeFiles/cmTryCompileExec3480376068.dir/src.cxx.o -c /Users/eugenioculurciello/Code/Lua/luasdl/CMakeFiles/CMakeTmp/src.cxx
clang: error: language not recognized: 'openmp'
clang: warning: /Users/eugenioculurciello/Code/Lua/luasdl/CMakeFiles/CMakeTmp/src.cxx: 'linker' input unused
gmake[1]: *** [CMakeFiles/cmTryCompileExec3480376068.dir/src.cxx.o] Error 1
gmake: *** [cmTryCompileExec3480376068/fast] Error 2

Source file was:

#include <omp.h>
int main() {
#ifdef _OPENMP
  return 0;
#else
  breaks_on_purpose
#endif
}

Performing C++ SOURCE FILE Test OpenMP_FLAG_DETECTED failed with the following output:
Change Dir: /Users/eugenioculurciello/Code/Lua/luasdl/CMakeFiles/CMakeTmp

Run Build Command:/usr/bin/gmake "cmTryCompileExec549959001/fast"
/usr/bin/gmake -f CMakeFiles/cmTryCompileExec549959001.dir/build.make CMakeFiles/cmTryCompileExec549959001.dir/build
/usr/local/Cellar/cmake/2.8.12/bin/cmake -E cmake_progress_report /Users/eugenioculurciello/Code/Lua/luasdl/CMakeFiles/CMakeTmp/CMakeFiles 1
Building CXX object CMakeFiles/cmTryCompileExec549959001.dir/src.cxx.o
/usr/bin/c++    -fexceptions  -Wall -Wno-unused-function -Wno-unknown-pragmas -Wno-unused-function -DOpenMP_FLAG_DETECTED +Oopenmp   -o CMakeFiles/cmTryCompileExec549959001.dir/src.cxx.o -c /Users/eugenioculurciello/Code/Lua/luasdl/CMakeFiles/CMakeTmp/src.cxx
clang: error: no such file or directory: '+Oopenmp'
gmake[1]: *** [CMakeFiles/cmTryCompileExec549959001.dir/src.cxx.o] Error 1
gmake: *** [cmTryCompileExec549959001/fast] Error 2

Source file was:

#include <omp.h>
int main() {
#ifdef _OPENMP
  return 0;
#else
  breaks_on_purpose
#endif
}

Performing C++ SOURCE FILE Test OpenMP_FLAG_DETECTED failed with the following output:
Change Dir: /Users/eugenioculurciello/Code/Lua/luasdl/CMakeFiles/CMakeTmp

Run Build Command:/usr/bin/gmake "cmTryCompileExec3406230161/fast"
/usr/bin/gmake -f CMakeFiles/cmTryCompileExec3406230161.dir/build.make CMakeFiles/cmTryCompileExec3406230161.dir/build
/usr/local/Cellar/cmake/2.8.12/bin/cmake -E cmake_progress_report /Users/eugenioculurciello/Code/Lua/luasdl/CMakeFiles/CMakeTmp/CMakeFiles 1
Building CXX object CMakeFiles/cmTryCompileExec3406230161.dir/src.cxx.o
/usr/bin/c++    -fexceptions  -Wall -Wno-unused-function -Wno-unknown-pragmas -Wno-unused-function -DOpenMP_FLAG_DETECTED -qsmp   -o CMakeFiles/cmTryCompileExec3406230161.dir/src.cxx.o -c /Users/eugenioculurciello/Code/Lua/luasdl/CMakeFiles/CMakeTmp/src.cxx
clang: warning: argument unused during compilation: '-qsmp'
/Users/eugenioculurciello/Code/Lua/luasdl/CMakeFiles/CMakeTmp/src.cxx:2:10: fatal error: 'omp.h' file not found
#include <omp.h>
         ^
1 error generated.
gmake[1]: *** [CMakeFiles/cmTryCompileExec3406230161.dir/src.cxx.o] Error 1
gmake: *** [cmTryCompileExec3406230161/fast] Error 2

Source file was:

#include <omp.h>
int main() {
#ifdef _OPENMP
  return 0;
#else
  breaks_on_purpose
#endif
}

Performing C++ SOURCE FILE Test OpenMP_FLAG_DETECTED failed with the following output:
Change Dir: /Users/eugenioculurciello/Code/Lua/luasdl/CMakeFiles/CMakeTmp

Run Build Command:/usr/bin/gmake "cmTryCompileExec2270148258/fast"
/usr/bin/gmake -f CMakeFiles/cmTryCompileExec2270148258.dir/build.make CMakeFiles/cmTryCompileExec2270148258.dir/build
/usr/local/Cellar/cmake/2.8.12/bin/cmake -E cmake_progress_report /Users/eugenioculurciello/Code/Lua/luasdl/CMakeFiles/CMakeTmp/CMakeFiles 1
Building CXX object CMakeFiles/cmTryCompileExec2270148258.dir/src.cxx.o
/usr/bin/c++    -fexceptions  -Wall -Wno-unused-function -Wno-unknown-pragmas -Wno-unused-function -DOpenMP_FLAG_DETECTED -mp   -o CMakeFiles/cmTryCompileExec2270148258.dir/src.cxx.o -c /Users/eugenioculurciello/Code/Lua/luasdl/CMakeFiles/CMakeTmp/src.cxx
clang: warning: argument unused during compilation: '-mp'
/Users/eugenioculurciello/Code/Lua/luasdl/CMakeFiles/CMakeTmp/src.cxx:2:10: fatal error: 'omp.h' file not found
#include <omp.h>
         ^
1 error generated.
gmake[1]: *** [CMakeFiles/cmTryCompileExec2270148258.dir/src.cxx.o] Error 1
gmake: *** [cmTryCompileExec2270148258/fast] Error 2

Source file was:

#include <omp.h>
int main() {
#ifdef _OPENMP
  return 0;
#else
  breaks_on_purpose
#endif
}

Performing C SOURCE FILE Test OpenMP_FLAG_DETECTED failed with the following output:
Change Dir: /Users/eugenioculurciello/Code/Lua/luasdl/CMakeFiles/CMakeTmp

Run Build Command:/usr/bin/gmake "cmTryCompileExec1629296512/fast"
/usr/bin/gmake -f CMakeFiles/cmTryCompileExec1629296512.dir/build.make CMakeFiles/cmTryCompileExec1629296512.dir/build
/usr/local/Cellar/cmake/2.8.12/bin/cmake -E cmake_progress_report /Users/eugenioculurciello/Code/Lua/luasdl/CMakeFiles/CMakeTmp/CMakeFiles 1
Building C object CMakeFiles/cmTryCompileExec1629296512.dir/src.c.o
/usr/bin/cc   -fexceptions  -Wall -Wno-unused-function -Wno-unknown-pragmas -DOpenMP_FLAG_DETECTED -fopenmp   -o CMakeFiles/cmTryCompileExec1629296512.dir/src.c.o   -c /Users/eugenioculurciello/Code/Lua/luasdl/CMakeFiles/CMakeTmp/src.c
clang: warning: argument unused during compilation: '-fopenmp'
/Users/eugenioculurciello/Code/Lua/luasdl/CMakeFiles/CMakeTmp/src.c:2:10: fatal error: 'omp.h' file not found
#include <omp.h>
         ^
1 error generated.
gmake[1]: *** [CMakeFiles/cmTryCompileExec1629296512.dir/src.c.o] Error 1
gmake: *** [cmTryCompileExec1629296512/fast] Error 2

Source file was:

#include <omp.h>
int main() {
#ifdef _OPENMP
  return 0;
#else
  breaks_on_purpose
#endif
}

Performing C SOURCE FILE Test OpenMP_FLAG_DETECTED failed with the following output:
Change Dir: /Users/eugenioculurciello/Code/Lua/luasdl/CMakeFiles/CMakeTmp

Run Build Command:/usr/bin/gmake "cmTryCompileExec3242381310/fast"
/usr/bin/gmake -f CMakeFiles/cmTryCompileExec3242381310.dir/build.make CMakeFiles/cmTryCompileExec3242381310.dir/build
/usr/local/Cellar/cmake/2.8.12/bin/cmake -E cmake_progress_report /Users/eugenioculurciello/Code/Lua/luasdl/CMakeFiles/CMakeTmp/CMakeFiles 1
Building C object CMakeFiles/cmTryCompileExec3242381310.dir/src.c.o
/usr/bin/cc   -fexceptions  -Wall -Wno-unused-function -Wno-unknown-pragmas -DOpenMP_FLAG_DETECTED /openmp   -o CMakeFiles/cmTryCompileExec3242381310.dir/src.c.o   -c /Users/eugenioculurciello/Code/Lua/luasdl/CMakeFiles/CMakeTmp/src.c
clang: error: no such file or directory: '/openmp'
gmake[1]: *** [CMakeFiles/cmTryCompileExec3242381310.dir/src.c.o] Error 1
gmake: *** [cmTryCompileExec3242381310/fast] Error 2

Source file was:

#include <omp.h>
int main() {
#ifdef _OPENMP
  return 0;
#else
  breaks_on_purpose
#endif
}

Performing C SOURCE FILE Test OpenMP_FLAG_DETECTED failed with the following output:
Change Dir: /Users/eugenioculurciello/Code/Lua/luasdl/CMakeFiles/CMakeTmp

Run Build Command:/usr/bin/gmake "cmTryCompileExec1334504009/fast"
/usr/bin/gmake -f CMakeFiles/cmTryCompileExec1334504009.dir/build.make CMakeFiles/cmTryCompileExec1334504009.dir/build
/usr/local/Cellar/cmake/2.8.12/bin/cmake -E cmake_progress_report /Users/eugenioculurciello/Code/Lua/luasdl/CMakeFiles/CMakeTmp/CMakeFiles 1
Building C object CMakeFiles/cmTryCompileExec1334504009.dir/src.c.o
/usr/bin/cc   -fexceptions  -Wall -Wno-unused-function -Wno-unknown-pragmas -DOpenMP_FLAG_DETECTED -Qopenmp   -o CMakeFiles/cmTryCompileExec1334504009.dir/src.c.o   -c /Users/eugenioculurciello/Code/Lua/luasdl/CMakeFiles/CMakeTmp/src.c
clang: warning: argument unused during compilation: '-Qopenmp'
/Users/eugenioculurciello/Code/Lua/luasdl/CMakeFiles/CMakeTmp/src.c:2:10: fatal error: 'omp.h' file not found
#include <omp.h>
         ^
1 error generated.
gmake[1]: *** [CMakeFiles/cmTryCompileExec1334504009.dir/src.c.o] Error 1
gmake: *** [cmTryCompileExec1334504009/fast] Error 2

Source file was:

#include <omp.h>
int main() {
#ifdef _OPENMP
  return 0;
#else
  breaks_on_purpose
#endif
}

Performing C SOURCE FILE Test OpenMP_FLAG_DETECTED failed with the following output:
Change Dir: /Users/eugenioculurciello/Code/Lua/luasdl/CMakeFiles/CMakeTmp

Run Build Command:/usr/bin/gmake "cmTryCompileExec2201664280/fast"
/usr/bin/gmake -f CMakeFiles/cmTryCompileExec2201664280.dir/build.make CMakeFiles/cmTryCompileExec2201664280.dir/build
/usr/local/Cellar/cmake/2.8.12/bin/cmake -E cmake_progress_report /Users/eugenioculurciello/Code/Lua/luasdl/CMakeFiles/CMakeTmp/CMakeFiles 1
Building C object CMakeFiles/cmTryCompileExec2201664280.dir/src.c.o
/usr/bin/cc   -fexceptions  -Wall -Wno-unused-function -Wno-unknown-pragmas -DOpenMP_FLAG_DETECTED -openmp   -o CMakeFiles/cmTryCompileExec2201664280.dir/src.c.o   -c /Users/eugenioculurciello/Code/Lua/luasdl/CMakeFiles/CMakeTmp/src.c
/Users/eugenioculurciello/Code/Lua/luasdl/CMakeFiles/CMakeTmp/src.c:2:10: fatal error: 'omp.h' file not found
#include <omp.h>
         ^
1 error generated.
gmake[1]: *** [CMakeFiles/cmTryCompileExec2201664280.dir/src.c.o] Error 1
gmake: *** [cmTryCompileExec2201664280/fast] Error 2

Source file was:

#include <omp.h>
int main() {
#ifdef _OPENMP
  return 0;
#else
  breaks_on_purpose
#endif
}

Performing C SOURCE FILE Test OpenMP_FLAG_DETECTED failed with the following output:
Change Dir: /Users/eugenioculurciello/Code/Lua/luasdl/CMakeFiles/CMakeTmp

Run Build Command:/usr/bin/gmake "cmTryCompileExec1044153742/fast"
/usr/bin/gmake -f CMakeFiles/cmTryCompileExec1044153742.dir/build.make CMakeFiles/cmTryCompileExec1044153742.dir/build
/usr/local/Cellar/cmake/2.8.12/bin/cmake -E cmake_progress_report /Users/eugenioculurciello/Code/Lua/luasdl/CMakeFiles/CMakeTmp/CMakeFiles 1
Building C object CMakeFiles/cmTryCompileExec1044153742.dir/src.c.o
/usr/bin/cc   -fexceptions  -Wall -Wno-unused-function -Wno-unknown-pragmas -DOpenMP_FLAG_DETECTED   -o CMakeFiles/cmTryCompileExec1044153742.dir/src.c.o   -c /Users/eugenioculurciello/Code/Lua/luasdl/CMakeFiles/CMakeTmp/src.c
/Users/eugenioculurciello/Code/Lua/luasdl/CMakeFiles/CMakeTmp/src.c:2:10: fatal error: 'omp.h' file not found
#include <omp.h>
         ^
1 error generated.
gmake[1]: *** [CMakeFiles/cmTryCompileExec1044153742.dir/src.c.o] Error 1
gmake: *** [cmTryCompileExec1044153742/fast] Error 2

Source file was:

#include <omp.h>
int main() {
#ifdef _OPENMP
  return 0;
#else
  breaks_on_purpose
#endif
}

Performing C SOURCE FILE Test OpenMP_FLAG_DETECTED failed with the following output:
Change Dir: /Users/eugenioculurciello/Code/Lua/luasdl/CMakeFiles/CMakeTmp

Run Build Command:/usr/bin/gmake "cmTryCompileExec978553252/fast"
/usr/bin/gmake -f CMakeFiles/cmTryCompileExec978553252.dir/build.make CMakeFiles/cmTryCompileExec978553252.dir/build
/usr/local/Cellar/cmake/2.8.12/bin/cmake -E cmake_progress_report /Users/eugenioculurciello/Code/Lua/luasdl/CMakeFiles/CMakeTmp/CMakeFiles 1
Building C object CMakeFiles/cmTryCompileExec978553252.dir/src.c.o
/usr/bin/cc   -fexceptions  -Wall -Wno-unused-function -Wno-unknown-pragmas -DOpenMP_FLAG_DETECTED -xopenmp   -o CMakeFiles/cmTryCompileExec978553252.dir/src.c.o   -c /Users/eugenioculurciello/Code/Lua/luasdl/CMakeFiles/CMakeTmp/src.c
clang: error: language not recognized: 'openmp'
clang: warning: /Users/eugenioculurciello/Code/Lua/luasdl/CMakeFiles/CMakeTmp/src.c: 'linker' input unused
gmake[1]: *** [CMakeFiles/cmTryCompileExec978553252.dir/src.c.o] Error 1
gmake: *** [cmTryCompileExec978553252/fast] Error 2

Source file was:

#include <omp.h>
int main() {
#ifdef _OPENMP
  return 0;
#else
  breaks_on_purpose
#endif
}

Performing C SOURCE FILE Test OpenMP_FLAG_DETECTED failed with the following output:
Change Dir: /Users/eugenioculurciello/Code/Lua/luasdl/CMakeFiles/CMakeTmp

Run Build Command:/usr/bin/gmake "cmTryCompileExec1338988261/fast"
/usr/bin/gmake -f CMakeFiles/cmTryCompileExec1338988261.dir/build.make CMakeFiles/cmTryCompileExec1338988261.dir/build
/usr/local/Cellar/cmake/2.8.12/bin/cmake -E cmake_progress_report /Users/eugenioculurciello/Code/Lua/luasdl/CMakeFiles/CMakeTmp/CMakeFiles 1
Building C object CMakeFiles/cmTryCompileExec1338988261.dir/src.c.o
/usr/bin/cc   -fexceptions  -Wall -Wno-unused-function -Wno-unknown-pragmas -DOpenMP_FLAG_DETECTED +Oopenmp   -o CMakeFiles/cmTryCompileExec1338988261.dir/src.c.o   -c /Users/eugenioculurciello/Code/Lua/luasdl/CMakeFiles/CMakeTmp/src.c
clang: error: no such file or directory: '+Oopenmp'
gmake[1]: *** [CMakeFiles/cmTryCompileExec1338988261.dir/src.c.o] Error 1
gmake: *** [cmTryCompileExec1338988261/fast] Error 2

Source file was:

#include <omp.h>
int main() {
#ifdef _OPENMP
  return 0;
#else
  breaks_on_purpose
#endif
}

Performing C SOURCE FILE Test OpenMP_FLAG_DETECTED failed with the following output:
Change Dir: /Users/eugenioculurciello/Code/Lua/luasdl/CMakeFiles/CMakeTmp

Run Build Command:/usr/bin/gmake "cmTryCompileExec4230171089/fast"
/usr/bin/gmake -f CMakeFiles/cmTryCompileExec4230171089.dir/build.make CMakeFiles/cmTryCompileExec4230171089.dir/build
/usr/local/Cellar/cmake/2.8.12/bin/cmake -E cmake_progress_report /Users/eugenioculurciello/Code/Lua/luasdl/CMakeFiles/CMakeTmp/CMakeFiles 1
Building C object CMakeFiles/cmTryCompileExec4230171089.dir/src.c.o
/usr/bin/cc   -fexceptions  -Wall -Wno-unused-function -Wno-unknown-pragmas -DOpenMP_FLAG_DETECTED -qsmp   -o CMakeFiles/cmTryCompileExec4230171089.dir/src.c.o   -c /Users/eugenioculurciello/Code/Lua/luasdl/CMakeFiles/CMakeTmp/src.c
clang: warning: argument unused during compilation: '-qsmp'
/Users/eugenioculurciello/Code/Lua/luasdl/CMakeFiles/CMakeTmp/src.c:2:10: fatal error: 'omp.h' file not found
#include <omp.h>
         ^
1 error generated.
gmake[1]: *** [CMakeFiles/cmTryCompileExec4230171089.dir/src.c.o] Error 1
gmake: *** [cmTryCompileExec4230171089/fast] Error 2

Source file was:

#include <omp.h>
int main() {
#ifdef _OPENMP
  return 0;
#else
  breaks_on_purpose
#endif
}

Performing C SOURCE FILE Test OpenMP_FLAG_DETECTED failed with the following output:
Change Dir: /Users/eugenioculurciello/Code/Lua/luasdl/CMakeFiles/CMakeTmp

Run Build Command:/usr/bin/gmake "cmTryCompileExec2389804259/fast"
/usr/bin/gmake -f CMakeFiles/cmTryCompileExec2389804259.dir/build.make CMakeFiles/cmTryCompileExec2389804259.dir/build
/usr/local/Cellar/cmake/2.8.12/bin/cmake -E cmake_progress_report /Users/eugenioculurciello/Code/Lua/luasdl/CMakeFiles/CMakeTmp/CMakeFiles 1
Building C object CMakeFiles/cmTryCompileExec2389804259.dir/src.c.o
/usr/bin/cc   -fexceptions  -Wall -Wno-unused-function -Wno-unknown-pragmas -DOpenMP_FLAG_DETECTED -mp   -o CMakeFiles/cmTryCompileExec2389804259.dir/src.c.o   -c /Users/eugenioculurciello/Code/Lua/luasdl/CMakeFiles/CMakeTmp/src.c
clang: warning: argument unused during compilation: '-mp'
/Users/eugenioculurciello/Code/Lua/luasdl/CMakeFiles/CMakeTmp/src.c:2:10: fatal error: 'omp.h' file not found
#include <omp.h>
         ^
1 error generated.
gmake[1]: *** [CMakeFiles/cmTryCompileExec2389804259.dir/src.c.o] Error 1
gmake: *** [cmTryCompileExec2389804259/fast] Error 2

Source file was:

#include <omp.h>
int main() {
#ifdef _OPENMP
  return 0;
#else
  breaks_on_purpose
#endif
}

Performing C++ SOURCE FILE Test OpenMP_FLAG_DETECTED failed with the following output:
Change Dir: /Users/eugenioculurciello/Code/Lua/luasdl/CMakeFiles/CMakeTmp

Run Build Command:/usr/bin/gmake "cmTryCompileExec4261592296/fast"
/usr/bin/gmake -f CMakeFiles/cmTryCompileExec4261592296.dir/build.make CMakeFiles/cmTryCompileExec4261592296.dir/build
/usr/local/Cellar/cmake/2.8.12/bin/cmake -E cmake_progress_report /Users/eugenioculurciello/Code/Lua/luasdl/CMakeFiles/CMakeTmp/CMakeFiles 1
Building CXX object CMakeFiles/cmTryCompileExec4261592296.dir/src.cxx.o
/usr/bin/c++    -fexceptions  -Wall -Wno-unused-function -Wno-unknown-pragmas -Wno-unused-function -DOpenMP_FLAG_DETECTED -fopenmp   -o CMakeFiles/cmTryCompileExec4261592296.dir/src.cxx.o -c /Users/eugenioculurciello/Code/Lua/luasdl/CMakeFiles/CMakeTmp/src.cxx
clang: warning: argument unused during compilation: '-fopenmp'
/Users/eugenioculurciello/Code/Lua/luasdl/CMakeFiles/CMakeTmp/src.cxx:2:10: fatal error: 'omp.h' file not found
#include <omp.h>
         ^
1 error generated.
gmake[1]: *** [CMakeFiles/cmTryCompileExec4261592296.dir/src.cxx.o] Error 1
gmake: *** [cmTryCompileExec4261592296/fast] Error 2

Source file was:

#include <omp.h>
int main() {
#ifdef _OPENMP
  return 0;
#else
  breaks_on_purpose
#endif
}

Performing C++ SOURCE FILE Test OpenMP_FLAG_DETECTED failed with the following output:
Change Dir: /Users/eugenioculurciello/Code/Lua/luasdl/CMakeFiles/CMakeTmp

Run Build Command:/usr/bin/gmake "cmTryCompileExec336778344/fast"
/usr/bin/gmake -f CMakeFiles/cmTryCompileExec336778344.dir/build.make CMakeFiles/cmTryCompileExec336778344.dir/build
/usr/local/Cellar/cmake/2.8.12/bin/cmake -E cmake_progress_report /Users/eugenioculurciello/Code/Lua/luasdl/CMakeFiles/CMakeTmp/CMakeFiles 1
Building CXX object CMakeFiles/cmTryCompileExec336778344.dir/src.cxx.o
/usr/bin/c++    -fexceptions  -Wall -Wno-unused-function -Wno-unknown-pragmas -Wno-unused-function -DOpenMP_FLAG_DETECTED /openmp   -o CMakeFiles/cmTryCompileExec336778344.dir/src.cxx.o -c /Users/eugenioculurciello/Code/Lua/luasdl/CMakeFiles/CMakeTmp/src.cxx
clang: error: no such file or directory: '/openmp'
gmake[1]: *** [CMakeFiles/cmTryCompileExec336778344.dir/src.cxx.o] Error 1
gmake: *** [cmTryCompileExec336778344/fast] Error 2

Source file was:

#include <omp.h>
int main() {
#ifdef _OPENMP
  return 0;
#else
  breaks_on_purpose
#endif
}

Performing C++ SOURCE FILE Test OpenMP_FLAG_DETECTED failed with the following output:
Change Dir: /Users/eugenioculurciello/Code/Lua/luasdl/CMakeFiles/CMakeTmp

Run Build Command:/usr/bin/gmake "cmTryCompileExec1336592380/fast"
/usr/bin/gmake -f CMakeFiles/cmTryCompileExec1336592380.dir/build.make CMakeFiles/cmTryCompileExec1336592380.dir/build
/usr/local/Cellar/cmake/2.8.12/bin/cmake -E cmake_progress_report /Users/eugenioculurciello/Code/Lua/luasdl/CMakeFiles/CMakeTmp/CMakeFiles 1
Building CXX object CMakeFiles/cmTryCompileExec1336592380.dir/src.cxx.o
/usr/bin/c++    -fexceptions  -Wall -Wno-unused-function -Wno-unknown-pragmas -Wno-unused-function -DOpenMP_FLAG_DETECTED -Qopenmp   -o CMakeFiles/cmTryCompileExec1336592380.dir/src.cxx.o -c /Users/eugenioculurciello/Code/Lua/luasdl/CMakeFiles/CMakeTmp/src.cxx
clang: warning: argument unused during compilation: '-Qopenmp'
/Users/eugenioculurciello/Code/Lua/luasdl/CMakeFiles/CMakeTmp/src.cxx:2:10: fatal error: 'omp.h' file not found
#include <omp.h>
         ^
1 error generated.
gmake[1]: *** [CMakeFiles/cmTryCompileExec1336592380.dir/src.cxx.o] Error 1
gmake: *** [cmTryCompileExec1336592380/fast] Error 2

Source file was:

#include <omp.h>
int main() {
#ifdef _OPENMP
  return 0;
#else
  breaks_on_purpose
#endif
}

Performing C++ SOURCE FILE Test OpenMP_FLAG_DETECTED failed with the following output:
Change Dir: /Users/eugenioculurciello/Code/Lua/luasdl/CMakeFiles/CMakeTmp

Run Build Command:/usr/bin/gmake "cmTryCompileExec3488277419/fast"
/usr/bin/gmake -f CMakeFiles/cmTryCompileExec3488277419.dir/build.make CMakeFiles/cmTryCompileExec3488277419.dir/build
/usr/local/Cellar/cmake/2.8.12/bin/cmake -E cmake_progress_report /Users/eugenioculurciello/Code/Lua/luasdl/CMakeFiles/CMakeTmp/CMakeFiles 1
Building CXX object CMakeFiles/cmTryCompileExec3488277419.dir/src.cxx.o
/usr/bin/c++    -fexceptions  -Wall -Wno-unused-function -Wno-unknown-pragmas -Wno-unused-function -DOpenMP_FLAG_DETECTED -openmp   -o CMakeFiles/cmTryCompileExec3488277419.dir/src.cxx.o -c /Users/eugenioculurciello/Code/Lua/luasdl/CMakeFiles/CMakeTmp/src.cxx
/Users/eugenioculurciello/Code/Lua/luasdl/CMakeFiles/CMakeTmp/src.cxx:2:10: fatal error: 'omp.h' file not found
#include <omp.h>
         ^
1 error generated.
gmake[1]: *** [CMakeFiles/cmTryCompileExec3488277419.dir/src.cxx.o] Error 1
gmake: *** [cmTryCompileExec3488277419/fast] Error 2

Source file was:

#include <omp.h>
int main() {
#ifdef _OPENMP
  return 0;
#else
  breaks_on_purpose
#endif
}

Performing C++ SOURCE FILE Test OpenMP_FLAG_DETECTED failed with the following output:
Change Dir: /Users/eugenioculurciello/Code/Lua/luasdl/CMakeFiles/CMakeTmp

Run Build Command:/usr/bin/gmake "cmTryCompileExec3673360421/fast"
/usr/bin/gmake -f CMakeFiles/cmTryCompileExec3673360421.dir/build.make CMakeFiles/cmTryCompileExec3673360421.dir/build
/usr/local/Cellar/cmake/2.8.12/bin/cmake -E cmake_progress_report /Users/eugenioculurciello/Code/Lua/luasdl/CMakeFiles/CMakeTmp/CMakeFiles 1
Building CXX object CMakeFiles/cmTryCompileExec3673360421.dir/src.cxx.o
/usr/bin/c++    -fexceptions  -Wall -Wno-unused-function -Wno-unknown-pragmas -Wno-unused-function -DOpenMP_FLAG_DETECTED   -o CMakeFiles/cmTryCompileExec3673360421.dir/src.cxx.o -c /Users/eugenioculurciello/Code/Lua/luasdl/CMakeFiles/CMakeTmp/src.cxx
/Users/eugenioculurciello/Code/Lua/luasdl/CMakeFiles/CMakeTmp/src.cxx:2:10: fatal error: 'omp.h' file not found
#include <omp.h>
         ^
1 error generated.
gmake[1]: *** [CMakeFiles/cmTryCompileExec3673360421.dir/src.cxx.o] Error 1
gmake: *** [cmTryCompileExec3673360421/fast] Error 2

Source file was:

#include <omp.h>
int main() {
#ifdef _OPENMP
  return 0;
#else
  breaks_on_purpose
#endif
}

Performing C++ SOURCE FILE Test OpenMP_FLAG_DETECTED failed with the following output:
Change Dir: /Users/eugenioculurciello/Code/Lua/luasdl/CMakeFiles/CMakeTmp

Run Build Command:/usr/bin/gmake "cmTryCompileExec1417537740/fast"
/usr/bin/gmake -f CMakeFiles/cmTryCompileExec1417537740.dir/build.make CMakeFiles/cmTryCompileExec1417537740.dir/build
/usr/local/Cellar/cmake/2.8.12/bin/cmake -E cmake_progress_report /Users/eugenioculurciello/Code/Lua/luasdl/CMakeFiles/CMakeTmp/CMakeFiles 1
Building CXX object CMakeFiles/cmTryCompileExec1417537740.dir/src.cxx.o
/usr/bin/c++    -fexceptions  -Wall -Wno-unused-function -Wno-unknown-pragmas -Wno-unused-function -DOpenMP_FLAG_DETECTED -xopenmp   -o CMakeFiles/cmTryCompileExec1417537740.dir/src.cxx.o -c /Users/eugenioculurciello/Code/Lua/luasdl/CMakeFiles/CMakeTmp/src.cxx
clang: error: language not recognized: 'openmp'
clang: warning: /Users/eugenioculurciello/Code/Lua/luasdl/CMakeFiles/CMakeTmp/src.cxx: 'linker' input unused
gmake[1]: *** [CMakeFiles/cmTryCompileExec1417537740.dir/src.cxx.o] Error 1
gmake: *** [cmTryCompileExec1417537740/fast] Error 2

Source file was:

#include <omp.h>
int main() {
#ifdef _OPENMP
  return 0;
#else
  breaks_on_purpose
#endif
}

Performing C++ SOURCE FILE Test OpenMP_FLAG_DETECTED failed with the following output:
Change Dir: /Users/eugenioculurciello/Code/Lua/luasdl/CMakeFiles/CMakeTmp

Run Build Command:/usr/bin/gmake "cmTryCompileExec2617968203/fast"
/usr/bin/gmake -f CMakeFiles/cmTryCompileExec2617968203.dir/build.make CMakeFiles/cmTryCompileExec2617968203.dir/build
/usr/local/Cellar/cmake/2.8.12/bin/cmake -E cmake_progress_report /Users/eugenioculurciello/Code/Lua/luasdl/CMakeFiles/CMakeTmp/CMakeFiles 1
Building CXX object CMakeFiles/cmTryCompileExec2617968203.dir/src.cxx.o
/usr/bin/c++    -fexceptions  -Wall -Wno-unused-function -Wno-unknown-pragmas -Wno-unused-function -DOpenMP_FLAG_DETECTED +Oopenmp   -o CMakeFiles/cmTryCompileExec2617968203.dir/src.cxx.o -c /Users/eugenioculurciello/Code/Lua/luasdl/CMakeFiles/CMakeTmp/src.cxx
clang: error: no such file or directory: '+Oopenmp'
gmake[1]: *** [CMakeFiles/cmTryCompileExec2617968203.dir/src.cxx.o] Error 1
gmake: *** [cmTryCompileExec2617968203/fast] Error 2

Source file was:

#include <omp.h>
int main() {
#ifdef _OPENMP
  return 0;
#else
  breaks_on_purpose
#endif
}

Performing C++ SOURCE FILE Test OpenMP_FLAG_DETECTED failed with the following output:
Change Dir: /Users/eugenioculurciello/Code/Lua/luasdl/CMakeFiles/CMakeTmp

Run Build Command:/usr/bin/gmake "cmTryCompileExec3364564534/fast"
/usr/bin/gmake -f CMakeFiles/cmTryCompileExec3364564534.dir/build.make CMakeFiles/cmTryCompileExec3364564534.dir/build
/usr/local/Cellar/cmake/2.8.12/bin/cmake -E cmake_progress_report /Users/eugenioculurciello/Code/Lua/luasdl/CMakeFiles/CMakeTmp/CMakeFiles 1
Building CXX object CMakeFiles/cmTryCompileExec3364564534.dir/src.cxx.o
/usr/bin/c++    -fexceptions  -Wall -Wno-unused-function -Wno-unknown-pragmas -Wno-unused-function -DOpenMP_FLAG_DETECTED -qsmp   -o CMakeFiles/cmTryCompileExec3364564534.dir/src.cxx.o -c /Users/eugenioculurciello/Code/Lua/luasdl/CMakeFiles/CMakeTmp/src.cxx
clang: warning: argument unused during compilation: '-qsmp'
/Users/eugenioculurciello/Code/Lua/luasdl/CMakeFiles/CMakeTmp/src.cxx:2:10: fatal error: 'omp.h' file not found
#include <omp.h>
         ^
1 error generated.
gmake[1]: *** [CMakeFiles/cmTryCompileExec3364564534.dir/src.cxx.o] Error 1
gmake: *** [cmTryCompileExec3364564534/fast] Error 2

Source file was:

#include <omp.h>
int main() {
#ifdef _OPENMP
  return 0;
#else
  breaks_on_purpose
#endif
}

Performing C++ SOURCE FILE Test OpenMP_FLAG_DETECTED failed with the following output:
Change Dir: /Users/eugenioculurciello/Code/Lua/luasdl/CMakeFiles/CMakeTmp

Run Build Command:/usr/bin/gmake "cmTryCompileExec1579060745/fast"
/usr/bin/gmake -f CMakeFiles/cmTryCompileExec1579060745.dir/build.make CMakeFiles/cmTryCompileExec1579060745.dir/build
/usr/local/Cellar/cmake/2.8.12/bin/cmake -E cmake_progress_report /Users/eugenioculurciello/Code/Lua/luasdl/CMakeFiles/CMakeTmp/CMakeFiles 1
Building CXX object CMakeFiles/cmTryCompileExec1579060745.dir/src.cxx.o
/usr/bin/c++    -fexceptions  -Wall -Wno-unused-function -Wno-unknown-pragmas -Wno-unused-function -DOpenMP_FLAG_DETECTED -mp   -o CMakeFiles/cmTryCompileExec1579060745.dir/src.cxx.o -c /Users/eugenioculurciello/Code/Lua/luasdl/CMakeFiles/CMakeTmp/src.cxx
clang: warning: argument unused during compilation: '-mp'
/Users/eugenioculurciello/Code/Lua/luasdl/CMakeFiles/CMakeTmp/src.cxx:2:10: fatal error: 'omp.h' file not found
#include <omp.h>
         ^
1 error generated.
gmake[1]: *** [CMakeFiles/cmTryCompileExec1579060745.dir/src.cxx.o] Error 1
gmake: *** [cmTryCompileExec1579060745/fast] Error 2

Source file was:

#include <omp.h>
int main() {
#ifdef _OPENMP
  return 0;
#else
  breaks_on_purpose
#endif
}

Performing C SOURCE FILE Test OpenMP_FLAG_DETECTED failed with the following output:
Change Dir: /Users/eugenioculurciello/Code/Lua/luasdl/CMakeFiles/CMakeTmp

Run Build Command:/usr/bin/gmake "cmTryCompileExec3213518905/fast"
/usr/bin/gmake -f CMakeFiles/cmTryCompileExec3213518905.dir/build.make CMakeFiles/cmTryCompileExec3213518905.dir/build
/usr/local/Cellar/cmake/2.8.12.1/bin/cmake -E cmake_progress_report /Users/eugenioculurciello/Code/Lua/luasdl/CMakeFiles/CMakeTmp/CMakeFiles 1
Building C object CMakeFiles/cmTryCompileExec3213518905.dir/src.c.o
/usr/bin/cc   -fexceptions  -Wall -Wno-unused-function -Wno-unknown-pragmas -DOpenMP_FLAG_DETECTED -fopenmp   -o CMakeFiles/cmTryCompileExec3213518905.dir/src.c.o   -c /Users/eugenioculurciello/Code/Lua/luasdl/CMakeFiles/CMakeTmp/src.c
clang: warning: argument unused during compilation: '-fopenmp'
/Users/eugenioculurciello/Code/Lua/luasdl/CMakeFiles/CMakeTmp/src.c:2:10: fatal error: 'omp.h' file not found
#include <omp.h>
         ^
1 error generated.
gmake[1]: *** [CMakeFiles/cmTryCompileExec3213518905.dir/src.c.o] Error 1
gmake: *** [cmTryCompileExec3213518905/fast] Error 2

Source file was:

#include <omp.h>
int main() {
#ifdef _OPENMP
  return 0;
#else
  breaks_on_purpose
#endif
}

Performing C SOURCE FILE Test OpenMP_FLAG_DETECTED failed with the following output:
Change Dir: /Users/eugenioculurciello/Code/Lua/luasdl/CMakeFiles/CMakeTmp

Run Build Command:/usr/bin/gmake "cmTryCompileExec2283472003/fast"
/usr/bin/gmake -f CMakeFiles/cmTryCompileExec2283472003.dir/build.make CMakeFiles/cmTryCompileExec2283472003.dir/build
/usr/local/Cellar/cmake/2.8.12.1/bin/cmake -E cmake_progress_report /Users/eugenioculurciello/Code/Lua/luasdl/CMakeFiles/CMakeTmp/CMakeFiles 1
Building C object CMakeFiles/cmTryCompileExec2283472003.dir/src.c.o
/usr/bin/cc   -fexceptions  -Wall -Wno-unused-function -Wno-unknown-pragmas -DOpenMP_FLAG_DETECTED /openmp   -o CMakeFiles/cmTryCompileExec2283472003.dir/src.c.o   -c /Users/eugenioculurciello/Code/Lua/luasdl/CMakeFiles/CMakeTmp/src.c
clang: error: no such file or directory: '/openmp'
gmake[1]: *** [CMakeFiles/cmTryCompileExec2283472003.dir/src.c.o] Error 1
gmake: *** [cmTryCompileExec2283472003/fast] Error 2

Source file was:

#include <omp.h>
int main() {
#ifdef _OPENMP
  return 0;
#else
  breaks_on_purpose
#endif
}

Performing C SOURCE FILE Test OpenMP_FLAG_DETECTED failed with the following output:
Change Dir: /Users/eugenioculurciello/Code/Lua/luasdl/CMakeFiles/CMakeTmp

Run Build Command:/usr/bin/gmake "cmTryCompileExec1719621705/fast"
/usr/bin/gmake -f CMakeFiles/cmTryCompileExec1719621705.dir/build.make CMakeFiles/cmTryCompileExec1719621705.dir/build
/usr/local/Cellar/cmake/2.8.12.1/bin/cmake -E cmake_progress_report /Users/eugenioculurciello/Code/Lua/luasdl/CMakeFiles/CMakeTmp/CMakeFiles 1
Building C object CMakeFiles/cmTryCompileExec1719621705.dir/src.c.o
/usr/bin/cc   -fexceptions  -Wall -Wno-unused-function -Wno-unknown-pragmas -DOpenMP_FLAG_DETECTED -Qopenmp   -o CMakeFiles/cmTryCompileExec1719621705.dir/src.c.o   -c /Users/eugenioculurciello/Code/Lua/luasdl/CMakeFiles/CMakeTmp/src.c
clang: warning: argument unused during compilation: '-Qopenmp'
/Users/eugenioculurciello/Code/Lua/luasdl/CMakeFiles/CMakeTmp/src.c:2:10: fatal error: 'omp.h' file not found
#include <omp.h>
         ^
1 error generated.
gmake[1]: *** [CMakeFiles/cmTryCompileExec1719621705.dir/src.c.o] Error 1
gmake: *** [cmTryCompileExec1719621705/fast] Error 2

Source file was:

#include <omp.h>
int main() {
#ifdef _OPENMP
  return 0;
#else
  breaks_on_purpose
#endif
}

Performing C SOURCE FILE Test OpenMP_FLAG_DETECTED failed with the following output:
Change Dir: /Users/eugenioculurciello/Code/Lua/luasdl/CMakeFiles/CMakeTmp

Run Build Command:/usr/bin/gmake "cmTryCompileExec4192564698/fast"
/usr/bin/gmake -f CMakeFiles/cmTryCompileExec4192564698.dir/build.make CMakeFiles/cmTryCompileExec4192564698.dir/build
/usr/local/Cellar/cmake/2.8.12.1/bin/cmake -E cmake_progress_report /Users/eugenioculurciello/Code/Lua/luasdl/CMakeFiles/CMakeTmp/CMakeFiles 1
Building C object CMakeFiles/cmTryCompileExec4192564698.dir/src.c.o
/usr/bin/cc   -fexceptions  -Wall -Wno-unused-function -Wno-unknown-pragmas -DOpenMP_FLAG_DETECTED -openmp   -o CMakeFiles/cmTryCompileExec4192564698.dir/src.c.o   -c /Users/eugenioculurciello/Code/Lua/luasdl/CMakeFiles/CMakeTmp/src.c
/Users/eugenioculurciello/Code/Lua/luasdl/CMakeFiles/CMakeTmp/src.c:2:10: fatal error: 'omp.h' file not found
#include <omp.h>
         ^
1 error generated.
gmake[1]: *** [CMakeFiles/cmTryCompileExec4192564698.dir/src.c.o] Error 1
gmake: *** [cmTryCompileExec4192564698/fast] Error 2

Source file was:

#include <omp.h>
int main() {
#ifdef _OPENMP
  return 0;
#else
  breaks_on_purpose
#endif
}

Performing C SOURCE FILE Test OpenMP_FLAG_DETECTED failed with the following output:
Change Dir: /Users/eugenioculurciello/Code/Lua/luasdl/CMakeFiles/CMakeTmp

Run Build Command:/usr/bin/gmake "cmTryCompileExec4062592438/fast"
/usr/bin/gmake -f CMakeFiles/cmTryCompileExec4062592438.dir/build.make CMakeFiles/cmTryCompileExec4062592438.dir/build
/usr/local/Cellar/cmake/2.8.12.1/bin/cmake -E cmake_progress_report /Users/eugenioculurciello/Code/Lua/luasdl/CMakeFiles/CMakeTmp/CMakeFiles 1
Building C object CMakeFiles/cmTryCompileExec4062592438.dir/src.c.o
/usr/bin/cc   -fexceptions  -Wall -Wno-unused-function -Wno-unknown-pragmas -DOpenMP_FLAG_DETECTED   -o CMakeFiles/cmTryCompileExec4062592438.dir/src.c.o   -c /Users/eugenioculurciello/Code/Lua/luasdl/CMakeFiles/CMakeTmp/src.c
/Users/eugenioculurciello/Code/Lua/luasdl/CMakeFiles/CMakeTmp/src.c:2:10: fatal error: 'omp.h' file not found
#include <omp.h>
         ^
1 error generated.
gmake[1]: *** [CMakeFiles/cmTryCompileExec4062592438.dir/src.c.o] Error 1
gmake: *** [cmTryCompileExec4062592438/fast] Error 2

Source file was:

#include <omp.h>
int main() {
#ifdef _OPENMP
  return 0;
#else
  breaks_on_purpose
#endif
}

Performing C SOURCE FILE Test OpenMP_FLAG_DETECTED failed with the following output:
Change Dir: /Users/eugenioculurciello/Code/Lua/luasdl/CMakeFiles/CMakeTmp

Run Build Command:/usr/bin/gmake "cmTryCompileExec1046942328/fast"
/usr/bin/gmake -f CMakeFiles/cmTryCompileExec1046942328.dir/build.make CMakeFiles/cmTryCompileExec1046942328.dir/build
/usr/local/Cellar/cmake/2.8.12.1/bin/cmake -E cmake_progress_report /Users/eugenioculurciello/Code/Lua/luasdl/CMakeFiles/CMakeTmp/CMakeFiles 1
Building C object CMakeFiles/cmTryCompileExec1046942328.dir/src.c.o
/usr/bin/cc   -fexceptions  -Wall -Wno-unused-function -Wno-unknown-pragmas -DOpenMP_FLAG_DETECTED -xopenmp   -o CMakeFiles/cmTryCompileExec1046942328.dir/src.c.o   -c /Users/eugenioculurciello/Code/Lua/luasdl/CMakeFiles/CMakeTmp/src.c
clang: error: language not recognized: 'openmp'
clang: warning: /Users/eugenioculurciello/Code/Lua/luasdl/CMakeFiles/CMakeTmp/src.c: 'linker' input unused
gmake[1]: *** [CMakeFiles/cmTryCompileExec1046942328.dir/src.c.o] Error 1
gmake: *** [cmTryCompileExec1046942328/fast] Error 2

Source file was:

#include <omp.h>
int main() {
#ifdef _OPENMP
  return 0;
#else
  breaks_on_purpose
#endif
}

Performing C SOURCE FILE Test OpenMP_FLAG_DETECTED failed with the following output:
Change Dir: /Users/eugenioculurciello/Code/Lua/luasdl/CMakeFiles/CMakeTmp

Run Build Command:/usr/bin/gmake "cmTryCompileExec1817558619/fast"
/usr/bin/gmake -f CMakeFiles/cmTryCompileExec1817558619.dir/build.make CMakeFiles/cmTryCompileExec1817558619.dir/build
/usr/local/Cellar/cmake/2.8.12.1/bin/cmake -E cmake_progress_report /Users/eugenioculurciello/Code/Lua/luasdl/CMakeFiles/CMakeTmp/CMakeFiles 1
Building C object CMakeFiles/cmTryCompileExec1817558619.dir/src.c.o
/usr/bin/cc   -fexceptions  -Wall -Wno-unused-function -Wno-unknown-pragmas -DOpenMP_FLAG_DETECTED +Oopenmp   -o CMakeFiles/cmTryCompileExec1817558619.dir/src.c.o   -c /Users/eugenioculurciello/Code/Lua/luasdl/CMakeFiles/CMakeTmp/src.c
clang: error: no such file or directory: '+Oopenmp'
gmake[1]: *** [CMakeFiles/cmTryCompileExec1817558619.dir/src.c.o] Error 1
gmake: *** [cmTryCompileExec1817558619/fast] Error 2

Source file was:

#include <omp.h>
int main() {
#ifdef _OPENMP
  return 0;
#else
  breaks_on_purpose
#endif
}

Performing C SOURCE FILE Test OpenMP_FLAG_DETECTED failed with the following output:
Change Dir: /Users/eugenioculurciello/Code/Lua/luasdl/CMakeFiles/CMakeTmp

Run Build Command:/usr/bin/gmake "cmTryCompileExec1068574959/fast"
/usr/bin/gmake -f CMakeFiles/cmTryCompileExec1068574959.dir/build.make CMakeFiles/cmTryCompileExec1068574959.dir/build
/usr/local/Cellar/cmake/2.8.12.1/bin/cmake -E cmake_progress_report /Users/eugenioculurciello/Code/Lua/luasdl/CMakeFiles/CMakeTmp/CMakeFiles 1
Building C object CMakeFiles/cmTryCompileExec1068574959.dir/src.c.o
/usr/bin/cc   -fexceptions  -Wall -Wno-unused-function -Wno-unknown-pragmas -DOpenMP_FLAG_DETECTED -qsmp   -o CMakeFiles/cmTryCompileExec1068574959.dir/src.c.o   -c /Users/eugenioculurciello/Code/Lua/luasdl/CMakeFiles/CMakeTmp/src.c
clang: warning: argument unused during compilation: '-qsmp'
/Users/eugenioculurciello/Code/Lua/luasdl/CMakeFiles/CMakeTmp/src.c:2:10: fatal error: 'omp.h' file not found
#include <omp.h>
         ^
1 error generated.
gmake[1]: *** [CMakeFiles/cmTryCompileExec1068574959.dir/src.c.o] Error 1
gmake: *** [cmTryCompileExec1068574959/fast] Error 2

Source file was:

#include <omp.h>
int main() {
#ifdef _OPENMP
  return 0;
#else
  breaks_on_purpose
#endif
}

Performing C SOURCE FILE Test OpenMP_FLAG_DETECTED failed with the following output:
Change Dir: /Users/eugenioculurciello/Code/Lua/luasdl/CMakeFiles/CMakeTmp

Run Build Command:/usr/bin/gmake "cmTryCompileExec1286349269/fast"
/usr/bin/gmake -f CMakeFiles/cmTryCompileExec1286349269.dir/build.make CMakeFiles/cmTryCompileExec1286349269.dir/build
/usr/local/Cellar/cmake/2.8.12.1/bin/cmake -E cmake_progress_report /Users/eugenioculurciello/Code/Lua/luasdl/CMakeFiles/CMakeTmp/CMakeFiles 1
Building C object CMakeFiles/cmTryCompileExec1286349269.dir/src.c.o
/usr/bin/cc   -fexceptions  -Wall -Wno-unused-function -Wno-unknown-pragmas -DOpenMP_FLAG_DETECTED -mp   -o CMakeFiles/cmTryCompileExec1286349269.dir/src.c.o   -c /Users/eugenioculurciello/Code/Lua/luasdl/CMakeFiles/CMakeTmp/src.c
clang: warning: argument unused during compilation: '-mp'
/Users/eugenioculurciello/Code/Lua/luasdl/CMakeFiles/CMakeTmp/src.c:2:10: fatal error: 'omp.h' file not found
#include <omp.h>
         ^
1 error generated.
gmake[1]: *** [CMakeFiles/cmTryCompileExec1286349269.dir/src.c.o] Error 1
gmake: *** [cmTryCompileExec1286349269/fast] Error 2

Source file was:

#include <omp.h>
int main() {
#ifdef _OPENMP
  return 0;
#else
  breaks_on_purpose
#endif
}

Performing C++ SOURCE FILE Test OpenMP_FLAG_DETECTED failed with the following output:
Change Dir: /Users/eugenioculurciello/Code/Lua/luasdl/CMakeFiles/CMakeTmp

Run Build Command:/usr/bin/gmake "cmTryCompileExec887086646/fast"
/usr/bin/gmake -f CMakeFiles/cmTryCompileExec887086646.dir/build.make CMakeFiles/cmTryCompileExec887086646.dir/build
/usr/local/Cellar/cmake/2.8.12.1/bin/cmake -E cmake_progress_report /Users/eugenioculurciello/Code/Lua/luasdl/CMakeFiles/CMakeTmp/CMakeFiles 1
Building CXX object CMakeFiles/cmTryCompileExec887086646.dir/src.cxx.o
/usr/bin/c++    -fexceptions  -Wall -Wno-unused-function -Wno-unknown-pragmas -Wno-unused-function -DOpenMP_FLAG_DETECTED -fopenmp   -o CMakeFiles/cmTryCompileExec887086646.dir/src.cxx.o -c /Users/eugenioculurciello/Code/Lua/luasdl/CMakeFiles/CMakeTmp/src.cxx
clang: warning: argument unused during compilation: '-fopenmp'
/Users/eugenioculurciello/Code/Lua/luasdl/CMakeFiles/CMakeTmp/src.cxx:2:10: fatal error: 'omp.h' file not found
#include <omp.h>
         ^
1 error generated.
gmake[1]: *** [CMakeFiles/cmTryCompileExec887086646.dir/src.cxx.o] Error 1
gmake: *** [cmTryCompileExec887086646/fast] Error 2

Source file was:

#include <omp.h>
int main() {
#ifdef _OPENMP
  return 0;
#else
  breaks_on_purpose
#endif
}

Performing C++ SOURCE FILE Test OpenMP_FLAG_DETECTED failed with the following output:
Change Dir: /Users/eugenioculurciello/Code/Lua/luasdl/CMakeFiles/CMakeTmp

Run Build Command:/usr/bin/gmake "cmTryCompileExec291943689/fast"
/usr/bin/gmake -f CMakeFiles/cmTryCompileExec291943689.dir/build.make CMakeFiles/cmTryCompileExec291943689.dir/build
/usr/local/Cellar/cmake/2.8.12.1/bin/cmake -E cmake_progress_report /Users/eugenioculurciello/Code/Lua/luasdl/CMakeFiles/CMakeTmp/CMakeFiles 1
Building CXX object CMakeFiles/cmTryCompileExec291943689.dir/src.cxx.o
/usr/bin/c++    -fexceptions  -Wall -Wno-unused-function -Wno-unknown-pragmas -Wno-unused-function -DOpenMP_FLAG_DETECTED /openmp   -o CMakeFiles/cmTryCompileExec291943689.dir/src.cxx.o -c /Users/eugenioculurciello/Code/Lua/luasdl/CMakeFiles/CMakeTmp/src.cxx
clang: error: no such file or directory: '/openmp'
gmake[1]: *** [CMakeFiles/cmTryCompileExec291943689.dir/src.cxx.o] Error 1
gmake: *** [cmTryCompileExec291943689/fast] Error 2

Source file was:

#include <omp.h>
int main() {
#ifdef _OPENMP
  return 0;
#else
  breaks_on_purpose
#endif
}

Performing C++ SOURCE FILE Test OpenMP_FLAG_DETECTED failed with the following output:
Change Dir: /Users/eugenioculurciello/Code/Lua/luasdl/CMakeFiles/CMakeTmp

Run Build Command:/usr/bin/gmake "cmTryCompileExec1401992833/fast"
/usr/bin/gmake -f CMakeFiles/cmTryCompileExec1401992833.dir/build.make CMakeFiles/cmTryCompileExec1401992833.dir/build
/usr/local/Cellar/cmake/2.8.12.1/bin/cmake -E cmake_progress_report /Users/eugenioculurciello/Code/Lua/luasdl/CMakeFiles/CMakeTmp/CMakeFiles 1
Building CXX object CMakeFiles/cmTryCompileExec1401992833.dir/src.cxx.o
/usr/bin/c++    -fexceptions  -Wall -Wno-unused-function -Wno-unknown-pragmas -Wno-unused-function -DOpenMP_FLAG_DETECTED -Qopenmp   -o CMakeFiles/cmTryCompileExec1401992833.dir/src.cxx.o -c /Users/eugenioculurciello/Code/Lua/luasdl/CMakeFiles/CMakeTmp/src.cxx
clang: warning: argument unused during compilation: '-Qopenmp'
/Users/eugenioculurciello/Code/Lua/luasdl/CMakeFiles/CMakeTmp/src.cxx:2:10: fatal error: 'omp.h' file not found
#include <omp.h>
         ^
1 error generated.
gmake[1]: *** [CMakeFiles/cmTryCompileExec1401992833.dir/src.cxx.o] Error 1
gmake: *** [cmTryCompileExec1401992833/fast] Error 2

Source file was:

#include <omp.h>
int main() {
#ifdef _OPENMP
  return 0;
#else
  breaks_on_purpose
#endif
}

Performing C++ SOURCE FILE Test OpenMP_FLAG_DETECTED failed with the following output:
Change Dir: /Users/eugenioculurciello/Code/Lua/luasdl/CMakeFiles/CMakeTmp

Run Build Command:/usr/bin/gmake "cmTryCompileExec3990627652/fast"
/usr/bin/gmake -f CMakeFiles/cmTryCompileExec3990627652.dir/build.make CMakeFiles/cmTryCompileExec3990627652.dir/build
/usr/local/Cellar/cmake/2.8.12.1/bin/cmake -E cmake_progress_report /Users/eugenioculurciello/Code/Lua/luasdl/CMakeFiles/CMakeTmp/CMakeFiles 1
Building CXX object CMakeFiles/cmTryCompileExec3990627652.dir/src.cxx.o
/usr/bin/c++    -fexceptions  -Wall -Wno-unused-function -Wno-unknown-pragmas -Wno-unused-function -DOpenMP_FLAG_DETECTED -openmp   -o CMakeFiles/cmTryCompileExec3990627652.dir/src.cxx.o -c /Users/eugenioculurciello/Code/Lua/luasdl/CMakeFiles/CMakeTmp/src.cxx
/Users/eugenioculurciello/Code/Lua/luasdl/CMakeFiles/CMakeTmp/src.cxx:2:10: fatal error: 'omp.h' file not found
#include <omp.h>
         ^
1 error generated.
gmake[1]: *** [CMakeFiles/cmTryCompileExec3990627652.dir/src.cxx.o] Error 1
gmake: *** [cmTryCompileExec3990627652/fast] Error 2

Source file was:

#include <omp.h>
int main() {
#ifdef _OPENMP
  return 0;
#else
  breaks_on_purpose
#endif
}

Performing C++ SOURCE FILE Test OpenMP_FLAG_DETECTED failed with the following output:
Change Dir: /Users/eugenioculurciello/Code/Lua/luasdl/CMakeFiles/CMakeTmp

Run Build Command:/usr/bin/gmake "cmTryCompileExec1692543634/fast"
/usr/bin/gmake -f CMakeFiles/cmTryCompileExec1692543634.dir/build.make CMakeFiles/cmTryCompileExec1692543634.dir/build
/usr/local/Cellar/cmake/2.8.12.1/bin/cmake -E cmake_progress_report /Users/eugenioculurciello/Code/Lua/luasdl/CMakeFiles/CMakeTmp/CMakeFiles 1
Building CXX object CMakeFiles/cmTryCompileExec1692543634.dir/src.cxx.o
/usr/bin/c++    -fexceptions  -Wall -Wno-unused-function -Wno-unknown-pragmas -Wno-unused-function -DOpenMP_FLAG_DETECTED   -o CMakeFiles/cmTryCompileExec1692543634.dir/src.cxx.o -c /Users/eugenioculurciello/Code/Lua/luasdl/CMakeFiles/CMakeTmp/src.cxx
/Users/eugenioculurciello/Code/Lua/luasdl/CMakeFiles/CMakeTmp/src.cxx:2:10: fatal error: 'omp.h' file not found
#include <omp.h>
         ^
1 error generated.
gmake[1]: *** [CMakeFiles/cmTryCompileExec1692543634.dir/src.cxx.o] Error 1
gmake: *** [cmTryCompileExec1692543634/fast] Error 2

Source file was:

#include <omp.h>
int main() {
#ifdef _OPENMP
  return 0;
#else
  breaks_on_purpose
#endif
}

Performing C++ SOURCE FILE Test OpenMP_FLAG_DETECTED failed with the following output:
Change Dir: /Users/eugenioculurciello/Code/Lua/luasdl/CMakeFiles/CMakeTmp

Run Build Command:/usr/bin/gmake "cmTryCompileExec1659224530/fast"
/usr/bin/gmake -f CMakeFiles/cmTryCompileExec1659224530.dir/build.make CMakeFiles/cmTryCompileExec1659224530.dir/build
/usr/local/Cellar/cmake/2.8.12.1/bin/cmake -E cmake_progress_report /Users/eugenioculurciello/Code/Lua/luasdl/CMakeFiles/CMakeTmp/CMakeFiles 1
Building CXX object CMakeFiles/cmTryCompileExec1659224530.dir/src.cxx.o
/usr/bin/c++    -fexceptions  -Wall -Wno-unused-function -Wno-unknown-pragmas -Wno-unused-function -DOpenMP_FLAG_DETECTED -xopenmp   -o CMakeFiles/cmTryCompileExec1659224530.dir/src.cxx.o -c /Users/eugenioculurciello/Code/Lua/luasdl/CMakeFiles/CMakeTmp/src.cxx
clang: error: language not recognized: 'openmp'
clang: warning: /Users/eugenioculurciello/Code/Lua/luasdl/CMakeFiles/CMakeTmp/src.cxx: 'linker' input unused
gmake[1]: *** [CMakeFiles/cmTryCompileExec1659224530.dir/src.cxx.o] Error 1
gmake: *** [cmTryCompileExec1659224530/fast] Error 2

Source file was:

#include <omp.h>
int main() {
#ifdef _OPENMP
  return 0;
#else
  breaks_on_purpose
#endif
}

Performing C++ SOURCE FILE Test OpenMP_FLAG_DETECTED failed with the following output:
Change Dir: /Users/eugenioculurciello/Code/Lua/luasdl/CMakeFiles/CMakeTmp

Run Build Command:/usr/bin/gmake "cmTryCompileExec2704971577/fast"
/usr/bin/gmake -f CMakeFiles/cmTryCompileExec2704971577.dir/build.make CMakeFiles/cmTryCompileExec2704971577.dir/build
/usr/local/Cellar/cmake/2.8.12.1/bin/cmake -E cmake_progress_report /Users/eugenioculurciello/Code/Lua/luasdl/CMakeFiles/CMakeTmp/CMakeFiles 1
Building CXX object CMakeFiles/cmTryCompileExec2704971577.dir/src.cxx.o
/usr/bin/c++    -fexceptions  -Wall -Wno-unused-function -Wno-unknown-pragmas -Wno-unused-function -DOpenMP_FLAG_DETECTED +Oopenmp   -o CMakeFiles/cmTryCompileExec2704971577.dir/src.cxx.o -c /Users/eugenioculurciello/Code/Lua/luasdl/CMakeFiles/CMakeTmp/src.cxx
clang: error: no such file or directory: '+Oopenmp'
gmake[1]: *** [CMakeFiles/cmTryCompileExec2704971577.dir/src.cxx.o] Error 1
gmake: *** [cmTryCompileExec2704971577/fast] Error 2

Source file was:

#include <omp.h>
int main() {
#ifdef _OPENMP
  return 0;
#else
  breaks_on_purpose
#endif
}

Performing C++ SOURCE FILE Test OpenMP_FLAG_DETECTED failed with the following output:
Change Dir: /Users/eugenioculurciello/Code/Lua/luasdl/CMakeFiles/CMakeTmp

Run Build Command:/usr/bin/gmake "cmTryCompileExec1380752088/fast"
/usr/bin/gmake -f CMakeFiles/cmTryCompileExec1380752088.dir/build.make CMakeFiles/cmTryCompileExec1380752088.dir/build
/usr/local/Cellar/cmake/2.8.12.1/bin/cmake -E cmake_progress_report /Users/eugenioculurciello/Code/Lua/luasdl/CMakeFiles/CMakeTmp/CMakeFiles 1
Building CXX object CMakeFiles/cmTryCompileExec1380752088.dir/src.cxx.o
/usr/bin/c++    -fexceptions  -Wall -Wno-unused-function -Wno-unknown-pragmas -Wno-unused-function -DOpenMP_FLAG_DETECTED -qsmp   -o CMakeFiles/cmTryCompileExec1380752088.dir/src.cxx.o -c /Users/eugenioculurciello/Code/Lua/luasdl/CMakeFiles/CMakeTmp/src.cxx
clang: warning: argument unused during compilation: '-qsmp'
/Users/eugenioculurciello/Code/Lua/luasdl/CMakeFiles/CMakeTmp/src.cxx:2:10: fatal error: 'omp.h' file not found
#include <omp.h>
         ^
1 error generated.
gmake[1]: *** [CMakeFiles/cmTryCompileExec1380752088.dir/src.cxx.o] Error 1
gmake: *** [cmTryCompileExec1380752088/fast] Error 2

Source file was:

#include <omp.h>
int main() {
#ifdef _OPENMP
  return 0;
#else
  breaks_on_purpose
#endif
}

Performing C++ SOURCE FILE Test OpenMP_FLAG_DETECTED failed with the following output:
Change Dir: /Users/eugenioculurciello/Code/Lua/luasdl/CMakeFiles/CMakeTmp

Run Build Command:/usr/bin/gmake "cmTryCompileExec2633858632/fast"
/usr/bin/gmake -f CMakeFiles/cmTryCompileExec2633858632.dir/build.make CMakeFiles/cmTryCompileExec2633858632.dir/build
/usr/local/Cellar/cmake/2.8.12.1/bin/cmake -E cmake_progress_report /Users/eugenioculurciello/Code/Lua/luasdl/CMakeFiles/CMakeTmp/CMakeFiles 1
Building CXX object CMakeFiles/cmTryCompileExec2633858632.dir/src.cxx.o
/usr/bin/c++    -fexceptions  -Wall -Wno-unused-function -Wno-unknown-pragmas -Wno-unused-function -DOpenMP_FLAG_DETECTED -mp   -o CMakeFiles/cmTryCompileExec2633858632.dir/src.cxx.o -c /Users/eugenioculurciello/Code/Lua/luasdl/CMakeFiles/CMakeTmp/src.cxx
clang: warning: argument unused during compilation: '-mp'
/Users/eugenioculurciello/Code/Lua/luasdl/CMakeFiles/CMakeTmp/src.cxx:2:10: fatal error: 'omp.h' file not found
#include <omp.h>
         ^
1 error generated.
gmake[1]: *** [CMakeFiles/cmTryCompileExec2633858632.dir/src.cxx.o] Error 1
gmake: *** [cmTryCompileExec2633858632/fast] Error 2

Source file was:

#include <omp.h>
int main() {
#ifdef _OPENMP
  return 0;
#else
  breaks_on_purpose
#endif
}

