The system is: Darwin - 12.5.0 - i386
Compiling the C compiler identification source file "CMakeCCompilerId.c" succeeded.
Compiler: /usr/bin/cc 
Build flags: 
Id flags: 

The output was:
0


Compilation of the C compiler identification source "CMakeCCompilerId.c" produced "a.out"

The C compiler identification is Clang, found in "/Users/eugenioculurciello/Code/Lua/luasdl/CMakeFiles/2.8.12/CompilerIdC/a.out"

Compiling the CXX compiler identification source file "CMakeCXXCompilerId.cpp" succeeded.
Compiler: /usr/bin/c++ 
Build flags: 
Id flags: 

The output was:
0


Compilation of the CXX compiler identification source "CMakeCXXCompilerId.cpp" produced "a.out"

The CXX compiler identification is Clang, found in "/Users/eugenioculurciello/Code/Lua/luasdl/CMakeFiles/2.8.12/CompilerIdCXX/a.out"

Determining if the C compiler works passed with the following output:
Change Dir: /Users/eugenioculurciello/Code/Lua/luasdl/CMakeFiles/CMakeTmp

Run Build Command:/usr/bin/gmake "cmTryCompileExec3188829112/fast"
/usr/bin/gmake -f CMakeFiles/cmTryCompileExec3188829112.dir/build.make CMakeFiles/cmTryCompileExec3188829112.dir/build
/usr/local/Cellar/cmake/2.8.12/bin/cmake -E cmake_progress_report /Users/eugenioculurciello/Code/Lua/luasdl/CMakeFiles/CMakeTmp/CMakeFiles 1
Building C object CMakeFiles/cmTryCompileExec3188829112.dir/testCCompiler.c.o
/usr/bin/cc    -o CMakeFiles/cmTryCompileExec3188829112.dir/testCCompiler.c.o   -c /Users/eugenioculurciello/Code/Lua/luasdl/CMakeFiles/CMakeTmp/testCCompiler.c
Linking C executable cmTryCompileExec3188829112
/usr/local/Cellar/cmake/2.8.12/bin/cmake -E cmake_link_script CMakeFiles/cmTryCompileExec3188829112.dir/link.txt --verbose=1
/usr/bin/cc    -Wl,-search_paths_first -Wl,-headerpad_max_install_names   CMakeFiles/cmTryCompileExec3188829112.dir/testCCompiler.c.o  -o cmTryCompileExec3188829112  


Detecting C compiler ABI info compiled with the following output:
Change Dir: /Users/eugenioculurciello/Code/Lua/luasdl/CMakeFiles/CMakeTmp

Run Build Command:/usr/bin/gmake "cmTryCompileExec1337471766/fast"
/usr/bin/gmake -f CMakeFiles/cmTryCompileExec1337471766.dir/build.make CMakeFiles/cmTryCompileExec1337471766.dir/build
/usr/local/Cellar/cmake/2.8.12/bin/cmake -E cmake_progress_report /Users/eugenioculurciello/Code/Lua/luasdl/CMakeFiles/CMakeTmp/CMakeFiles 1
Building C object CMakeFiles/cmTryCompileExec1337471766.dir/CMakeCCompilerABI.c.o
/usr/bin/cc    -o CMakeFiles/cmTryCompileExec1337471766.dir/CMakeCCompilerABI.c.o   -c /usr/local/Cellar/cmake/2.8.12/share/cmake/Modules/CMakeCCompilerABI.c
Linking C executable cmTryCompileExec1337471766
/usr/local/Cellar/cmake/2.8.12/bin/cmake -E cmake_link_script CMakeFiles/cmTryCompileExec1337471766.dir/link.txt --verbose=1
/usr/bin/cc    -Wl,-search_paths_first -Wl,-headerpad_max_install_names -v -Wl,-v CMakeFiles/cmTryCompileExec1337471766.dir/CMakeCCompilerABI.c.o  -o cmTryCompileExec1337471766   
Apple LLVM version 5.0 (clang-500.2.75) (based on LLVM 3.3svn)
Target: x86_64-apple-darwin12.5.0
Thread model: posix
 "/usr/bin/ld" -demangle -dynamic -arch x86_64 -macosx_version_min 10.8.0 -o cmTryCompileExec1337471766 -search_paths_first -headerpad_max_install_names -v CMakeFiles/cmTryCompileExec1337471766.dir/CMakeCCompilerABI.c.o -lSystem /usr/bin/../lib/clang/5.0/lib/darwin/libclang_rt.osx.a
@(#)PROGRAM:ld  PROJECT:ld64-224.1
configured to support archs: armv6 armv7 armv7s arm64 i386 x86_64 armv6m armv7m armv7em
Library search paths:
	/usr/lib
	/usr/local/lib
Framework search paths:
	/Library/Frameworks/
	/System/Library/Frameworks/


Parsed C implicit link information from above output:
  link line regex: [^( *|.*[/\])(ld|([^/\]+-)?ld|collect2)[^/\]*( |$)]
  ignore line: [Change Dir: /Users/eugenioculurciello/Code/Lua/luasdl/CMakeFiles/CMakeTmp]
  ignore line: []
  ignore line: [Run Build Command:/usr/bin/gmake "cmTryCompileExec1337471766/fast"]
  ignore line: [/usr/bin/gmake -f CMakeFiles/cmTryCompileExec1337471766.dir/build.make CMakeFiles/cmTryCompileExec1337471766.dir/build]
  ignore line: [/usr/local/Cellar/cmake/2.8.12/bin/cmake -E cmake_progress_report /Users/eugenioculurciello/Code/Lua/luasdl/CMakeFiles/CMakeTmp/CMakeFiles 1]
  ignore line: [Building C object CMakeFiles/cmTryCompileExec1337471766.dir/CMakeCCompilerABI.c.o]
  ignore line: [/usr/bin/cc    -o CMakeFiles/cmTryCompileExec1337471766.dir/CMakeCCompilerABI.c.o   -c /usr/local/Cellar/cmake/2.8.12/share/cmake/Modules/CMakeCCompilerABI.c]
  ignore line: [Linking C executable cmTryCompileExec1337471766]
  ignore line: [/usr/local/Cellar/cmake/2.8.12/bin/cmake -E cmake_link_script CMakeFiles/cmTryCompileExec1337471766.dir/link.txt --verbose=1]
  ignore line: [/usr/bin/cc    -Wl,-search_paths_first -Wl,-headerpad_max_install_names -v -Wl,-v CMakeFiles/cmTryCompileExec1337471766.dir/CMakeCCompilerABI.c.o  -o cmTryCompileExec1337471766   ]
  ignore line: [Apple LLVM version 5.0 (clang-500.2.75) (based on LLVM 3.3svn)]
  ignore line: [Target: x86_64-apple-darwin12.5.0]
  ignore line: [Thread model: posix]
  link line: [ "/usr/bin/ld" -demangle -dynamic -arch x86_64 -macosx_version_min 10.8.0 -o cmTryCompileExec1337471766 -search_paths_first -headerpad_max_install_names -v CMakeFiles/cmTryCompileExec1337471766.dir/CMakeCCompilerABI.c.o -lSystem /usr/bin/../lib/clang/5.0/lib/darwin/libclang_rt.osx.a]
    arg [/usr/bin/ld] ==> ignore
    arg [-demangle] ==> ignore
    arg [-dynamic] ==> ignore
    arg [-arch] ==> ignore
    arg [x86_64] ==> ignore
    arg [-macosx_version_min] ==> ignore
    arg [10.8.0] ==> ignore
    arg [-o] ==> ignore
    arg [cmTryCompileExec1337471766] ==> ignore
    arg [-search_paths_first] ==> ignore
    arg [-headerpad_max_install_names] ==> ignore
    arg [-v] ==> ignore
    arg [CMakeFiles/cmTryCompileExec1337471766.dir/CMakeCCompilerABI.c.o] ==> ignore
    arg [-lSystem] ==> lib [System]
    arg [/usr/bin/../lib/clang/5.0/lib/darwin/libclang_rt.osx.a] ==> lib [/usr/bin/../lib/clang/5.0/lib/darwin/libclang_rt.osx.a]
  Library search paths: [;/usr/lib;/usr/local/lib]
  Framework search paths: [;/Library/Frameworks/;/System/Library/Frameworks/]
  remove lib [System]
  collapse lib [/usr/bin/../lib/clang/5.0/lib/darwin/libclang_rt.osx.a] ==> [/usr/lib/clang/5.0/lib/darwin/libclang_rt.osx.a]
  collapse library dir [/usr/lib] ==> [/usr/lib]
  collapse library dir [/usr/local/lib] ==> [/usr/local/lib]
  collapse framework dir [/Library/Frameworks/] ==> [/Library/Frameworks]
  collapse framework dir [/System/Library/Frameworks/] ==> [/System/Library/Frameworks]
  implicit libs: [/usr/lib/clang/5.0/lib/darwin/libclang_rt.osx.a]
  implicit dirs: [/usr/lib;/usr/local/lib]
  implicit fwks: [/Library/Frameworks;/System/Library/Frameworks]


Determining if the CXX compiler works passed with the following output:
Change Dir: /Users/eugenioculurciello/Code/Lua/luasdl/CMakeFiles/CMakeTmp

Run Build Command:/usr/bin/gmake "cmTryCompileExec1030296249/fast"
/usr/bin/gmake -f CMakeFiles/cmTryCompileExec1030296249.dir/build.make CMakeFiles/cmTryCompileExec1030296249.dir/build
/usr/local/Cellar/cmake/2.8.12/bin/cmake -E cmake_progress_report /Users/eugenioculurciello/Code/Lua/luasdl/CMakeFiles/CMakeTmp/CMakeFiles 1
Building CXX object CMakeFiles/cmTryCompileExec1030296249.dir/testCXXCompiler.cxx.o
/usr/bin/c++     -o CMakeFiles/cmTryCompileExec1030296249.dir/testCXXCompiler.cxx.o -c /Users/eugenioculurciello/Code/Lua/luasdl/CMakeFiles/CMakeTmp/testCXXCompiler.cxx
Linking CXX executable cmTryCompileExec1030296249
/usr/local/Cellar/cmake/2.8.12/bin/cmake -E cmake_link_script CMakeFiles/cmTryCompileExec1030296249.dir/link.txt --verbose=1
/usr/bin/c++     -Wl,-search_paths_first -Wl,-headerpad_max_install_names   CMakeFiles/cmTryCompileExec1030296249.dir/testCXXCompiler.cxx.o  -o cmTryCompileExec1030296249  


Detecting CXX compiler ABI info compiled with the following output:
Change Dir: /Users/eugenioculurciello/Code/Lua/luasdl/CMakeFiles/CMakeTmp

Run Build Command:/usr/bin/gmake "cmTryCompileExec2581803463/fast"
/usr/bin/gmake -f CMakeFiles/cmTryCompileExec2581803463.dir/build.make CMakeFiles/cmTryCompileExec2581803463.dir/build
/usr/local/Cellar/cmake/2.8.12/bin/cmake -E cmake_progress_report /Users/eugenioculurciello/Code/Lua/luasdl/CMakeFiles/CMakeTmp/CMakeFiles 1
Building CXX object CMakeFiles/cmTryCompileExec2581803463.dir/CMakeCXXCompilerABI.cpp.o
/usr/bin/c++     -o CMakeFiles/cmTryCompileExec2581803463.dir/CMakeCXXCompilerABI.cpp.o -c /usr/local/Cellar/cmake/2.8.12/share/cmake/Modules/CMakeCXXCompilerABI.cpp
Linking CXX executable cmTryCompileExec2581803463
/usr/local/Cellar/cmake/2.8.12/bin/cmake -E cmake_link_script CMakeFiles/cmTryCompileExec2581803463.dir/link.txt --verbose=1
/usr/bin/c++     -Wl,-search_paths_first -Wl,-headerpad_max_install_names -v -Wl,-v CMakeFiles/cmTryCompileExec2581803463.dir/CMakeCXXCompilerABI.cpp.o  -o cmTryCompileExec2581803463   
Apple LLVM version 5.0 (clang-500.2.75) (based on LLVM 3.3svn)
Target: x86_64-apple-darwin12.5.0
Thread model: posix
 "/usr/bin/ld" -demangle -dynamic -arch x86_64 -macosx_version_min 10.8.0 -o cmTryCompileExec2581803463 -search_paths_first -headerpad_max_install_names -v CMakeFiles/cmTryCompileExec2581803463.dir/CMakeCXXCompilerABI.cpp.o -lstdc++ -lSystem /usr/bin/../lib/clang/5.0/lib/darwin/libclang_rt.osx.a
@(#)PROGRAM:ld  PROJECT:ld64-224.1
configured to support archs: armv6 armv7 armv7s arm64 i386 x86_64 armv6m armv7m armv7em
Library search paths:
	/usr/lib
	/usr/local/lib
Framework search paths:
	/Library/Frameworks/
	/System/Library/Frameworks/


Parsed CXX implicit link information from above output:
  link line regex: [^( *|.*[/\])(ld|([^/\]+-)?ld|collect2)[^/\]*( |$)]
  ignore line: [Change Dir: /Users/eugenioculurciello/Code/Lua/luasdl/CMakeFiles/CMakeTmp]
  ignore line: []
  ignore line: [Run Build Command:/usr/bin/gmake "cmTryCompileExec2581803463/fast"]
  ignore line: [/usr/bin/gmake -f CMakeFiles/cmTryCompileExec2581803463.dir/build.make CMakeFiles/cmTryCompileExec2581803463.dir/build]
  ignore line: [/usr/local/Cellar/cmake/2.8.12/bin/cmake -E cmake_progress_report /Users/eugenioculurciello/Code/Lua/luasdl/CMakeFiles/CMakeTmp/CMakeFiles 1]
  ignore line: [Building CXX object CMakeFiles/cmTryCompileExec2581803463.dir/CMakeCXXCompilerABI.cpp.o]
  ignore line: [/usr/bin/c++     -o CMakeFiles/cmTryCompileExec2581803463.dir/CMakeCXXCompilerABI.cpp.o -c /usr/local/Cellar/cmake/2.8.12/share/cmake/Modules/CMakeCXXCompilerABI.cpp]
  ignore line: [Linking CXX executable cmTryCompileExec2581803463]
  ignore line: [/usr/local/Cellar/cmake/2.8.12/bin/cmake -E cmake_link_script CMakeFiles/cmTryCompileExec2581803463.dir/link.txt --verbose=1]
  ignore line: [/usr/bin/c++     -Wl,-search_paths_first -Wl,-headerpad_max_install_names -v -Wl,-v CMakeFiles/cmTryCompileExec2581803463.dir/CMakeCXXCompilerABI.cpp.o  -o cmTryCompileExec2581803463   ]
  ignore line: [Apple LLVM version 5.0 (clang-500.2.75) (based on LLVM 3.3svn)]
  ignore line: [Target: x86_64-apple-darwin12.5.0]
  ignore line: [Thread model: posix]
  link line: [ "/usr/bin/ld" -demangle -dynamic -arch x86_64 -macosx_version_min 10.8.0 -o cmTryCompileExec2581803463 -search_paths_first -headerpad_max_install_names -v CMakeFiles/cmTryCompileExec2581803463.dir/CMakeCXXCompilerABI.cpp.o -lstdc++ -lSystem /usr/bin/../lib/clang/5.0/lib/darwin/libclang_rt.osx.a]
    arg [/usr/bin/ld] ==> ignore
    arg [-demangle] ==> ignore
    arg [-dynamic] ==> ignore
    arg [-arch] ==> ignore
    arg [x86_64] ==> ignore
    arg [-macosx_version_min] ==> ignore
    arg [10.8.0] ==> ignore
    arg [-o] ==> ignore
    arg [cmTryCompileExec2581803463] ==> ignore
    arg [-search_paths_first] ==> ignore
    arg [-headerpad_max_install_names] ==> ignore
    arg [-v] ==> ignore
    arg [CMakeFiles/cmTryCompileExec2581803463.dir/CMakeCXXCompilerABI.cpp.o] ==> ignore
    arg [-lstdc++] ==> lib [stdc++]
    arg [-lSystem] ==> lib [System]
    arg [/usr/bin/../lib/clang/5.0/lib/darwin/libclang_rt.osx.a] ==> lib [/usr/bin/../lib/clang/5.0/lib/darwin/libclang_rt.osx.a]
  Library search paths: [;/usr/lib;/usr/local/lib]
  Framework search paths: [;/Library/Frameworks/;/System/Library/Frameworks/]
  remove lib [System]
  collapse lib [/usr/bin/../lib/clang/5.0/lib/darwin/libclang_rt.osx.a] ==> [/usr/lib/clang/5.0/lib/darwin/libclang_rt.osx.a]
  collapse library dir [/usr/lib] ==> [/usr/lib]
  collapse library dir [/usr/local/lib] ==> [/usr/local/lib]
  collapse framework dir [/Library/Frameworks/] ==> [/Library/Frameworks]
  collapse framework dir [/System/Library/Frameworks/] ==> [/System/Library/Frameworks]
  implicit libs: [stdc++;/usr/lib/clang/5.0/lib/darwin/libclang_rt.osx.a]
  implicit dirs: [/usr/lib;/usr/local/lib]
  implicit fwks: [/Library/Frameworks;/System/Library/Frameworks]


Performing C SOURCE FILE Test C_HAS_WALL succeded with the following output:
Change Dir: /Users/eugenioculurciello/Code/Lua/luasdl/CMakeFiles/CMakeTmp

Run Build Command:/usr/bin/gmake "cmTryCompileExec2950305037/fast"
/usr/bin/gmake -f CMakeFiles/cmTryCompileExec2950305037.dir/build.make CMakeFiles/cmTryCompileExec2950305037.dir/build
/usr/local/Cellar/cmake/2.8.12/bin/cmake -E cmake_progress_report /Users/eugenioculurciello/Code/Lua/luasdl/CMakeFiles/CMakeTmp/CMakeFiles 1
Building C object CMakeFiles/cmTryCompileExec2950305037.dir/src.c.o
/usr/bin/cc   -DC_HAS_WALL   -Wall -o CMakeFiles/cmTryCompileExec2950305037.dir/src.c.o   -c /Users/eugenioculurciello/Code/Lua/luasdl/CMakeFiles/CMakeTmp/src.c
Linking C executable cmTryCompileExec2950305037
/usr/local/Cellar/cmake/2.8.12/bin/cmake -E cmake_link_script CMakeFiles/cmTryCompileExec2950305037.dir/link.txt --verbose=1
/usr/bin/cc   -DC_HAS_WALL -Wl,-search_paths_first -Wl,-headerpad_max_install_names   CMakeFiles/cmTryCompileExec2950305037.dir/src.c.o  -o cmTryCompileExec2950305037  

Source file was:
int main(void) { return 0; }
Performing C SOURCE FILE Test C_HAS_NO_UNUSED_FUNCTION succeded with the following output:
Change Dir: /Users/eugenioculurciello/Code/Lua/luasdl/CMakeFiles/CMakeTmp

Run Build Command:/usr/bin/gmake "cmTryCompileExec376321865/fast"
/usr/bin/gmake -f CMakeFiles/cmTryCompileExec376321865.dir/build.make CMakeFiles/cmTryCompileExec376321865.dir/build
/usr/local/Cellar/cmake/2.8.12/bin/cmake -E cmake_progress_report /Users/eugenioculurciello/Code/Lua/luasdl/CMakeFiles/CMakeTmp/CMakeFiles 1
Building C object CMakeFiles/cmTryCompileExec376321865.dir/src.c.o
/usr/bin/cc   -Wall -DC_HAS_NO_UNUSED_FUNCTION   -Wno-unused-function -o CMakeFiles/cmTryCompileExec376321865.dir/src.c.o   -c /Users/eugenioculurciello/Code/Lua/luasdl/CMakeFiles/CMakeTmp/src.c
Linking C executable cmTryCompileExec376321865
/usr/local/Cellar/cmake/2.8.12/bin/cmake -E cmake_link_script CMakeFiles/cmTryCompileExec376321865.dir/link.txt --verbose=1
/usr/bin/cc   -Wall -DC_HAS_NO_UNUSED_FUNCTION -Wl,-search_paths_first -Wl,-headerpad_max_install_names   CMakeFiles/cmTryCompileExec376321865.dir/src.c.o  -o cmTryCompileExec376321865  

Source file was:
int main(void) { return 0; }
Performing C SOURCE FILE Test C_HAS_FEXCEPTIONS succeded with the following output:
Change Dir: /Users/eugenioculurciello/Code/Lua/luasdl/CMakeFiles/CMakeTmp

Run Build Command:/usr/bin/gmake "cmTryCompileExec2196349484/fast"
/usr/bin/gmake -f CMakeFiles/cmTryCompileExec2196349484.dir/build.make CMakeFiles/cmTryCompileExec2196349484.dir/build
/usr/local/Cellar/cmake/2.8.12/bin/cmake -E cmake_progress_report /Users/eugenioculurciello/Code/Lua/luasdl/CMakeFiles/CMakeTmp/CMakeFiles 1
Building C object CMakeFiles/cmTryCompileExec2196349484.dir/src.c.o
/usr/bin/cc   -Wall -Wno-unused-function -DC_HAS_FEXCEPTIONS   -fexceptions -o CMakeFiles/cmTryCompileExec2196349484.dir/src.c.o   -c /Users/eugenioculurciello/Code/Lua/luasdl/CMakeFiles/CMakeTmp/src.c
Linking C executable cmTryCompileExec2196349484
/usr/local/Cellar/cmake/2.8.12/bin/cmake -E cmake_link_script CMakeFiles/cmTryCompileExec2196349484.dir/link.txt --verbose=1
/usr/bin/cc   -Wall -Wno-unused-function -DC_HAS_FEXCEPTIONS -Wl,-search_paths_first -Wl,-headerpad_max_install_names   CMakeFiles/cmTryCompileExec2196349484.dir/src.c.o  -o cmTryCompileExec2196349484  

Source file was:
int main(void) { return 0; }
Performing C SOURCE FILE Test C_HAS_NO_UNKNOWN_PRAGMAS succeded with the following output:
Change Dir: /Users/eugenioculurciello/Code/Lua/luasdl/CMakeFiles/CMakeTmp

Run Build Command:/usr/bin/gmake "cmTryCompileExec4248005727/fast"
/usr/bin/gmake -f CMakeFiles/cmTryCompileExec4248005727.dir/build.make CMakeFiles/cmTryCompileExec4248005727.dir/build
/usr/local/Cellar/cmake/2.8.12/bin/cmake -E cmake_progress_report /Users/eugenioculurciello/Code/Lua/luasdl/CMakeFiles/CMakeTmp/CMakeFiles 1
Building C object CMakeFiles/cmTryCompileExec4248005727.dir/src.c.o
/usr/bin/cc   -fexceptions  -Wall -Wno-unused-function -DC_HAS_NO_UNKNOWN_PRAGMAS   -Wno-unknown-pragmas -o CMakeFiles/cmTryCompileExec4248005727.dir/src.c.o   -c /Users/eugenioculurciello/Code/Lua/luasdl/CMakeFiles/CMakeTmp/src.c
Linking C executable cmTryCompileExec4248005727
/usr/local/Cellar/cmake/2.8.12/bin/cmake -E cmake_link_script CMakeFiles/cmTryCompileExec4248005727.dir/link.txt --verbose=1
/usr/bin/cc  -fexceptions  -Wall -Wno-unused-function -DC_HAS_NO_UNKNOWN_PRAGMAS -Wl,-search_paths_first -Wl,-headerpad_max_install_names   CMakeFiles/cmTryCompileExec4248005727.dir/src.c.o  -o cmTryCompileExec4248005727  

Source file was:
int main(void) { return 0; }
Performing C++ SOURCE FILE Test CXX_HAS_WALL succeded with the following output:
Change Dir: /Users/eugenioculurciello/Code/Lua/luasdl/CMakeFiles/CMakeTmp

Run Build Command:/usr/bin/gmake "cmTryCompileExec1474782935/fast"
/usr/bin/gmake -f CMakeFiles/cmTryCompileExec1474782935.dir/build.make CMakeFiles/cmTryCompileExec1474782935.dir/build
/usr/local/Cellar/cmake/2.8.12/bin/cmake -E cmake_progress_report /Users/eugenioculurciello/Code/Lua/luasdl/CMakeFiles/CMakeTmp/CMakeFiles 1
Building CXX object CMakeFiles/cmTryCompileExec1474782935.dir/src.cxx.o
/usr/bin/c++    -DCXX_HAS_WALL   -Wall -o CMakeFiles/cmTryCompileExec1474782935.dir/src.cxx.o -c /Users/eugenioculurciello/Code/Lua/luasdl/CMakeFiles/CMakeTmp/src.cxx
Linking CXX executable cmTryCompileExec1474782935
/usr/local/Cellar/cmake/2.8.12/bin/cmake -E cmake_link_script CMakeFiles/cmTryCompileExec1474782935.dir/link.txt --verbose=1
/usr/bin/c++    -DCXX_HAS_WALL -Wl,-search_paths_first -Wl,-headerpad_max_install_names   CMakeFiles/cmTryCompileExec1474782935.dir/src.cxx.o  -o cmTryCompileExec1474782935  

Source file was:
int main() { return 0;}
Performing C++ SOURCE FILE Test CXX_HAS_NO_UNUSED_FUNCTION succeded with the following output:
Change Dir: /Users/eugenioculurciello/Code/Lua/luasdl/CMakeFiles/CMakeTmp

Run Build Command:/usr/bin/gmake "cmTryCompileExec827790693/fast"
/usr/bin/gmake -f CMakeFiles/cmTryCompileExec827790693.dir/build.make CMakeFiles/cmTryCompileExec827790693.dir/build
/usr/local/Cellar/cmake/2.8.12/bin/cmake -E cmake_progress_report /Users/eugenioculurciello/Code/Lua/luasdl/CMakeFiles/CMakeTmp/CMakeFiles 1
Building CXX object CMakeFiles/cmTryCompileExec827790693.dir/src.cxx.o
/usr/bin/c++    -Wall -DCXX_HAS_NO_UNUSED_FUNCTION   -Wno-unused-function -o CMakeFiles/cmTryCompileExec827790693.dir/src.cxx.o -c /Users/eugenioculurciello/Code/Lua/luasdl/CMakeFiles/CMakeTmp/src.cxx
Linking CXX executable cmTryCompileExec827790693
/usr/local/Cellar/cmake/2.8.12/bin/cmake -E cmake_link_script CMakeFiles/cmTryCompileExec827790693.dir/link.txt --verbose=1
/usr/bin/c++    -Wall -DCXX_HAS_NO_UNUSED_FUNCTION -Wl,-search_paths_first -Wl,-headerpad_max_install_names   CMakeFiles/cmTryCompileExec827790693.dir/src.cxx.o  -o cmTryCompileExec827790693  

Source file was:
int main() { return 0;}
The system is: Darwin - 12.5.0 - i386
Compiling the C compiler identification source file "CMakeCCompilerId.c" succeeded.
Compiler: /usr/bin/cc 
Build flags: 
Id flags: 

The output was:
0


Compilation of the C compiler identification source "CMakeCCompilerId.c" produced "a.out"

The C compiler identification is Clang, found in "/Users/eugenioculurciello/Code/Lua/luasdl/CMakeFiles/2.8.12.1/CompilerIdC/a.out"

Compiling the CXX compiler identification source file "CMakeCXXCompilerId.cpp" succeeded.
Compiler: /usr/bin/c++ 
Build flags: 
Id flags: 

The output was:
0


Compilation of the CXX compiler identification source "CMakeCXXCompilerId.cpp" produced "a.out"

The CXX compiler identification is Clang, found in "/Users/eugenioculurciello/Code/Lua/luasdl/CMakeFiles/2.8.12.1/CompilerIdCXX/a.out"

Determining if the C compiler works passed with the following output:
Change Dir: /Users/eugenioculurciello/Code/Lua/luasdl/CMakeFiles/CMakeTmp

Run Build Command:/usr/bin/gmake "cmTryCompileExec1702404481/fast"
/usr/bin/gmake -f CMakeFiles/cmTryCompileExec1702404481.dir/build.make CMakeFiles/cmTryCompileExec1702404481.dir/build
/usr/local/Cellar/cmake/2.8.12.1/bin/cmake -E cmake_progress_report /Users/eugenioculurciello/Code/Lua/luasdl/CMakeFiles/CMakeTmp/CMakeFiles 1
Building C object CMakeFiles/cmTryCompileExec1702404481.dir/testCCompiler.c.o
/usr/bin/cc    -o CMakeFiles/cmTryCompileExec1702404481.dir/testCCompiler.c.o   -c /Users/eugenioculurciello/Code/Lua/luasdl/CMakeFiles/CMakeTmp/testCCompiler.c
Linking C executable cmTryCompileExec1702404481
/usr/local/Cellar/cmake/2.8.12.1/bin/cmake -E cmake_link_script CMakeFiles/cmTryCompileExec1702404481.dir/link.txt --verbose=1
/usr/bin/cc    -Wl,-search_paths_first -Wl,-headerpad_max_install_names   CMakeFiles/cmTryCompileExec1702404481.dir/testCCompiler.c.o  -o cmTryCompileExec1702404481  


Detecting C compiler ABI info compiled with the following output:
Change Dir: /Users/eugenioculurciello/Code/Lua/luasdl/CMakeFiles/CMakeTmp

Run Build Command:/usr/bin/gmake "cmTryCompileExec3377395958/fast"
/usr/bin/gmake -f CMakeFiles/cmTryCompileExec3377395958.dir/build.make CMakeFiles/cmTryCompileExec3377395958.dir/build
/usr/local/Cellar/cmake/2.8.12.1/bin/cmake -E cmake_progress_report /Users/eugenioculurciello/Code/Lua/luasdl/CMakeFiles/CMakeTmp/CMakeFiles 1
Building C object CMakeFiles/cmTryCompileExec3377395958.dir/CMakeCCompilerABI.c.o
/usr/bin/cc    -o CMakeFiles/cmTryCompileExec3377395958.dir/CMakeCCompilerABI.c.o   -c /usr/local/Cellar/cmake/2.8.12.1/share/cmake/Modules/CMakeCCompilerABI.c
Linking C executable cmTryCompileExec3377395958
/usr/local/Cellar/cmake/2.8.12.1/bin/cmake -E cmake_link_script CMakeFiles/cmTryCompileExec3377395958.dir/link.txt --verbose=1
/usr/bin/cc    -Wl,-search_paths_first -Wl,-headerpad_max_install_names -v -Wl,-v CMakeFiles/cmTryCompileExec3377395958.dir/CMakeCCompilerABI.c.o  -o cmTryCompileExec3377395958   
Apple LLVM version 5.0 (clang-500.2.79) (based on LLVM 3.3svn)
Target: x86_64-apple-darwin12.5.0
Thread model: posix
 "/usr/bin/ld" -demangle -dynamic -arch x86_64 -macosx_version_min 10.8.0 -o cmTryCompileExec3377395958 -search_paths_first -headerpad_max_install_names -v CMakeFiles/cmTryCompileExec3377395958.dir/CMakeCCompilerABI.c.o -lSystem /usr/bin/../lib/clang/5.0/lib/darwin/libclang_rt.osx.a
@(#)PROGRAM:ld  PROJECT:ld64-224.1
configured to support archs: armv6 armv7 armv7s arm64 i386 x86_64 armv6m armv7m armv7em
Library search paths:
	/usr/lib
	/usr/local/lib
Framework search paths:
	/Library/Frameworks/
	/System/Library/Frameworks/


Parsed C implicit link information from above output:
  link line regex: [^( *|.*[/\])(ld|([^/\]+-)?ld|collect2)[^/\]*( |$)]
  ignore line: [Change Dir: /Users/eugenioculurciello/Code/Lua/luasdl/CMakeFiles/CMakeTmp]
  ignore line: []
  ignore line: [Run Build Command:/usr/bin/gmake "cmTryCompileExec3377395958/fast"]
  ignore line: [/usr/bin/gmake -f CMakeFiles/cmTryCompileExec3377395958.dir/build.make CMakeFiles/cmTryCompileExec3377395958.dir/build]
  ignore line: [/usr/local/Cellar/cmake/2.8.12.1/bin/cmake -E cmake_progress_report /Users/eugenioculurciello/Code/Lua/luasdl/CMakeFiles/CMakeTmp/CMakeFiles 1]
  ignore line: [Building C object CMakeFiles/cmTryCompileExec3377395958.dir/CMakeCCompilerABI.c.o]
  ignore line: [/usr/bin/cc    -o CMakeFiles/cmTryCompileExec3377395958.dir/CMakeCCompilerABI.c.o   -c /usr/local/Cellar/cmake/2.8.12.1/share/cmake/Modules/CMakeCCompilerABI.c]
  ignore line: [Linking C executable cmTryCompileExec3377395958]
  ignore line: [/usr/local/Cellar/cmake/2.8.12.1/bin/cmake -E cmake_link_script CMakeFiles/cmTryCompileExec3377395958.dir/link.txt --verbose=1]
  ignore line: [/usr/bin/cc    -Wl,-search_paths_first -Wl,-headerpad_max_install_names -v -Wl,-v CMakeFiles/cmTryCompileExec3377395958.dir/CMakeCCompilerABI.c.o  -o cmTryCompileExec3377395958   ]
  ignore line: [Apple LLVM version 5.0 (clang-500.2.79) (based on LLVM 3.3svn)]
  ignore line: [Target: x86_64-apple-darwin12.5.0]
  ignore line: [Thread model: posix]
  link line: [ "/usr/bin/ld" -demangle -dynamic -arch x86_64 -macosx_version_min 10.8.0 -o cmTryCompileExec3377395958 -search_paths_first -headerpad_max_install_names -v CMakeFiles/cmTryCompileExec3377395958.dir/CMakeCCompilerABI.c.o -lSystem /usr/bin/../lib/clang/5.0/lib/darwin/libclang_rt.osx.a]
    arg [/usr/bin/ld] ==> ignore
    arg [-demangle] ==> ignore
    arg [-dynamic] ==> ignore
    arg [-arch] ==> ignore
    arg [x86_64] ==> ignore
    arg [-macosx_version_min] ==> ignore
    arg [10.8.0] ==> ignore
    arg [-o] ==> ignore
    arg [cmTryCompileExec3377395958] ==> ignore
    arg [-search_paths_first] ==> ignore
    arg [-headerpad_max_install_names] ==> ignore
    arg [-v] ==> ignore
    arg [CMakeFiles/cmTryCompileExec3377395958.dir/CMakeCCompilerABI.c.o] ==> ignore
    arg [-lSystem] ==> lib [System]
    arg [/usr/bin/../lib/clang/5.0/lib/darwin/libclang_rt.osx.a] ==> lib [/usr/bin/../lib/clang/5.0/lib/darwin/libclang_rt.osx.a]
  Library search paths: [;/usr/lib;/usr/local/lib]
  Framework search paths: [;/Library/Frameworks/;/System/Library/Frameworks/]
  remove lib [System]
  collapse lib [/usr/bin/../lib/clang/5.0/lib/darwin/libclang_rt.osx.a] ==> [/usr/lib/clang/5.0/lib/darwin/libclang_rt.osx.a]
  collapse library dir [/usr/lib] ==> [/usr/lib]
  collapse library dir [/usr/local/lib] ==> [/usr/local/lib]
  collapse framework dir [/Library/Frameworks/] ==> [/Library/Frameworks]
  collapse framework dir [/System/Library/Frameworks/] ==> [/System/Library/Frameworks]
  implicit libs: [/usr/lib/clang/5.0/lib/darwin/libclang_rt.osx.a]
  implicit dirs: [/usr/lib;/usr/local/lib]
  implicit fwks: [/Library/Frameworks;/System/Library/Frameworks]


Determining if the CXX compiler works passed with the following output:
Change Dir: /Users/eugenioculurciello/Code/Lua/luasdl/CMakeFiles/CMakeTmp

Run Build Command:/usr/bin/gmake "cmTryCompileExec475465242/fast"
/usr/bin/gmake -f CMakeFiles/cmTryCompileExec475465242.dir/build.make CMakeFiles/cmTryCompileExec475465242.dir/build
/usr/local/Cellar/cmake/2.8.12.1/bin/cmake -E cmake_progress_report /Users/eugenioculurciello/Code/Lua/luasdl/CMakeFiles/CMakeTmp/CMakeFiles 1
Building CXX object CMakeFiles/cmTryCompileExec475465242.dir/testCXXCompiler.cxx.o
/usr/bin/c++     -o CMakeFiles/cmTryCompileExec475465242.dir/testCXXCompiler.cxx.o -c /Users/eugenioculurciello/Code/Lua/luasdl/CMakeFiles/CMakeTmp/testCXXCompiler.cxx
Linking CXX executable cmTryCompileExec475465242
/usr/local/Cellar/cmake/2.8.12.1/bin/cmake -E cmake_link_script CMakeFiles/cmTryCompileExec475465242.dir/link.txt --verbose=1
/usr/bin/c++     -Wl,-search_paths_first -Wl,-headerpad_max_install_names   CMakeFiles/cmTryCompileExec475465242.dir/testCXXCompiler.cxx.o  -o cmTryCompileExec475465242  


Detecting CXX compiler ABI info compiled with the following output:
Change Dir: /Users/eugenioculurciello/Code/Lua/luasdl/CMakeFiles/CMakeTmp

Run Build Command:/usr/bin/gmake "cmTryCompileExec599167514/fast"
/usr/bin/gmake -f CMakeFiles/cmTryCompileExec599167514.dir/build.make CMakeFiles/cmTryCompileExec599167514.dir/build
/usr/local/Cellar/cmake/2.8.12.1/bin/cmake -E cmake_progress_report /Users/eugenioculurciello/Code/Lua/luasdl/CMakeFiles/CMakeTmp/CMakeFiles 1
Building CXX object CMakeFiles/cmTryCompileExec599167514.dir/CMakeCXXCompilerABI.cpp.o
/usr/bin/c++     -o CMakeFiles/cmTryCompileExec599167514.dir/CMakeCXXCompilerABI.cpp.o -c /usr/local/Cellar/cmake/2.8.12.1/share/cmake/Modules/CMakeCXXCompilerABI.cpp
Linking CXX executable cmTryCompileExec599167514
/usr/local/Cellar/cmake/2.8.12.1/bin/cmake -E cmake_link_script CMakeFiles/cmTryCompileExec599167514.dir/link.txt --verbose=1
/usr/bin/c++     -Wl,-search_paths_first -Wl,-headerpad_max_install_names -v -Wl,-v CMakeFiles/cmTryCompileExec599167514.dir/CMakeCXXCompilerABI.cpp.o  -o cmTryCompileExec599167514   
Apple LLVM version 5.0 (clang-500.2.79) (based on LLVM 3.3svn)
Target: x86_64-apple-darwin12.5.0
Thread model: posix
 "/usr/bin/ld" -demangle -dynamic -arch x86_64 -macosx_version_min 10.8.0 -o cmTryCompileExec599167514 -search_paths_first -headerpad_max_install_names -v CMakeFiles/cmTryCompileExec599167514.dir/CMakeCXXCompilerABI.cpp.o -lstdc++ -lSystem /usr/bin/../lib/clang/5.0/lib/darwin/libclang_rt.osx.a
@(#)PROGRAM:ld  PROJECT:ld64-224.1
configured to support archs: armv6 armv7 armv7s arm64 i386 x86_64 armv6m armv7m armv7em
Library search paths:
	/usr/lib
	/usr/local/lib
Framework search paths:
	/Library/Frameworks/
	/System/Library/Frameworks/


Parsed CXX implicit link information from above output:
  link line regex: [^( *|.*[/\])(ld|([^/\]+-)?ld|collect2)[^/\]*( |$)]
  ignore line: [Change Dir: /Users/eugenioculurciello/Code/Lua/luasdl/CMakeFiles/CMakeTmp]
  ignore line: []
  ignore line: [Run Build Command:/usr/bin/gmake "cmTryCompileExec599167514/fast"]
  ignore line: [/usr/bin/gmake -f CMakeFiles/cmTryCompileExec599167514.dir/build.make CMakeFiles/cmTryCompileExec599167514.dir/build]
  ignore line: [/usr/local/Cellar/cmake/2.8.12.1/bin/cmake -E cmake_progress_report /Users/eugenioculurciello/Code/Lua/luasdl/CMakeFiles/CMakeTmp/CMakeFiles 1]
  ignore line: [Building CXX object CMakeFiles/cmTryCompileExec599167514.dir/CMakeCXXCompilerABI.cpp.o]
  ignore line: [/usr/bin/c++     -o CMakeFiles/cmTryCompileExec599167514.dir/CMakeCXXCompilerABI.cpp.o -c /usr/local/Cellar/cmake/2.8.12.1/share/cmake/Modules/CMakeCXXCompilerABI.cpp]
  ignore line: [Linking CXX executable cmTryCompileExec599167514]
  ignore line: [/usr/local/Cellar/cmake/2.8.12.1/bin/cmake -E cmake_link_script CMakeFiles/cmTryCompileExec599167514.dir/link.txt --verbose=1]
  ignore line: [/usr/bin/c++     -Wl,-search_paths_first -Wl,-headerpad_max_install_names -v -Wl,-v CMakeFiles/cmTryCompileExec599167514.dir/CMakeCXXCompilerABI.cpp.o  -o cmTryCompileExec599167514   ]
  ignore line: [Apple LLVM version 5.0 (clang-500.2.79) (based on LLVM 3.3svn)]
  ignore line: [Target: x86_64-apple-darwin12.5.0]
  ignore line: [Thread model: posix]
  link line: [ "/usr/bin/ld" -demangle -dynamic -arch x86_64 -macosx_version_min 10.8.0 -o cmTryCompileExec599167514 -search_paths_first -headerpad_max_install_names -v CMakeFiles/cmTryCompileExec599167514.dir/CMakeCXXCompilerABI.cpp.o -lstdc++ -lSystem /usr/bin/../lib/clang/5.0/lib/darwin/libclang_rt.osx.a]
    arg [/usr/bin/ld] ==> ignore
    arg [-demangle] ==> ignore
    arg [-dynamic] ==> ignore
    arg [-arch] ==> ignore
    arg [x86_64] ==> ignore
    arg [-macosx_version_min] ==> ignore
    arg [10.8.0] ==> ignore
    arg [-o] ==> ignore
    arg [cmTryCompileExec599167514] ==> ignore
    arg [-search_paths_first] ==> ignore
    arg [-headerpad_max_install_names] ==> ignore
    arg [-v] ==> ignore
    arg [CMakeFiles/cmTryCompileExec599167514.dir/CMakeCXXCompilerABI.cpp.o] ==> ignore
    arg [-lstdc++] ==> lib [stdc++]
    arg [-lSystem] ==> lib [System]
    arg [/usr/bin/../lib/clang/5.0/lib/darwin/libclang_rt.osx.a] ==> lib [/usr/bin/../lib/clang/5.0/lib/darwin/libclang_rt.osx.a]
  Library search paths: [;/usr/lib;/usr/local/lib]
  Framework search paths: [;/Library/Frameworks/;/System/Library/Frameworks/]
  remove lib [System]
  collapse lib [/usr/bin/../lib/clang/5.0/lib/darwin/libclang_rt.osx.a] ==> [/usr/lib/clang/5.0/lib/darwin/libclang_rt.osx.a]
  collapse library dir [/usr/lib] ==> [/usr/lib]
  collapse library dir [/usr/local/lib] ==> [/usr/local/lib]
  collapse framework dir [/Library/Frameworks/] ==> [/Library/Frameworks]
  collapse framework dir [/System/Library/Frameworks/] ==> [/System/Library/Frameworks]
  implicit libs: [stdc++;/usr/lib/clang/5.0/lib/darwin/libclang_rt.osx.a]
  implicit dirs: [/usr/lib;/usr/local/lib]
  implicit fwks: [/Library/Frameworks;/System/Library/Frameworks]


